#
# A fatal error has been detected by the Java Runtime Environment:
#
#  SIGSEGV (0xb) at pc=0x00007f7d526e253a, pid=3837, tid=140175750080256
#
# JRE version: Java(TM) SE Runtime Environment (8.0_45-b14) (build 1.8.0_45-b14)
# Java VM: Java HotSpot(TM) 64-Bit Server VM (25.45-b02 mixed mode linux-amd64 compressed oops)
# Problematic frame:
# V  [libjvm.so+0xa9f53a]  interpretedVFrame::monitors() const+0x1ea
#
# Failed to write core dump. Core dumps have been disabled. To enable core dumping, try "ulimit -c unlimited" before starting Java again
#
# If you would like to submit a bug report, please visit:
#   http://bugreport.java.com/bugreport/crash.jsp
#

---------------  T H R E A D  ---------------

Current thread (0x00007f7d4c0c4800):  JavaThread "JDWP Transport Listener: dt_socket" daemon [_thread_in_vm, id=3856, stack(0x00007f7d35ba2000,0x00007f7d35ca3000)]

siginfo: si_signo: 11 (SIGSEGV), si_code: 2 (SEGV_ACCERR), si_addr: 0x00007f7d5370eff8

Registers:
RAX=0x00000000d8733350, RBX=0x00007f7d4c2e5740, RCX=0x00007f7d53603320, RDX=0x000000000000fc8e
RSP=0x00007f7d35ca0ec0, RBP=0x00007f7d35ca0fc0, RSI=0x0000000000000000, RDI=0x0000000000000020
R8 =0x0000000000000002, R9 =0x000000000033b000, R10=0x00007f7d10000078, R11=0x0000000010000001
R12=0x0000000000000000, R13=0x00007f7d1033bca0, R14=0x00007f7d4c2e5140, R15=0x00007f7d5370eff0
RIP=0x00007f7d526e253a, EFLAGS=0x0000000000010246, CSGSFS=0x0000000000000033, ERR=0x0000000000000004
  TRAPNO=0x000000000000000e

Top of Stack: (sp=0x00007f7d35ca0ec0)
0x00007f7d35ca0ec0:   00007f7d35ca0ed0 00007f7d35ca0f00
0x00007f7d35ca0ed0:   00007f7d5380b880 00007f7d3cbe0a50
0x00007f7d35ca0ee0:   00007f7d3cbde5d0 00007f7d00000000
0x00007f7d35ca0ef0:   00007f7d5380b930 00007f7d5380b8f0
0x00007f7d35ca0f00:   00007f7d5380b880 00007f7d3cbe0a50
0x00007f7d35ca0f10:   00007f7d3cbde5d0 00007f7d00000000
0x00007f7d35ca0f20:   00007f7d5380b930 00007f7d5380b8f0
0x00007f7d35ca0f30:   00007f7d5380b880 00007f7d3cbe0a50
0x00007f7d35ca0f40:   00007f7d3cbde5d0 00007f7d00000000
0x00007f7d35ca0f50:   00007f7d5380b930 00007f7d5380b8f0
0x00007f7d35ca0f60:   00007f7d5380b880 00007f7d3cbe0a50
0x00007f7d35ca0f70:   00007f7d3cbde5d0 00007f7d00000000
0x00007f7d35ca0f80:   00007f7d5380b930 00007f7d5380b8f0
0x00007f7d35ca0f90:   00000000d85d2ed8 0000000000000000
0x00007f7d35ca0fa0:   00007f7d4c00c000 00007f7d100055d0
0x00007f7d35ca0fb0:   00007f7d52b9c028 00007f7d4c0bcfe0
0x00007f7d35ca0fc0:   00007f7d35ca10a0 00007f7d523c2db6
0x00007f7d35ca0fd0:   00000000d85b7130 00000000d85b3ad0
0x00007f7d35ca0fe0:   00000001d85b0758 00007f7d4c0c4800
0x00007f7d35ca0ff0:   0000000000000000 0000000000000000
0x00007f7d35ca1000:   00000000d859b300 00000000000083b0
0x00007f7d35ca1010:   00007f7d4c0bcfe0 00007f7d4c2ecb18
0x00007f7d35ca1020:   00007f7d4c2e5740 00007f7d4c2e4b30
0x00007f7d35ca1030:   00007f7d3cbde5d0 00007f7d00000000
0x00007f7d35ca1040:   00007f7d5380b930 00007f7d5380b8f0
0x00007f7d35ca1050:   00007f7d5380b830 0000000000000001
0x00007f7d35ca1060:   00007f7d4c2e4b40 0000000000000000
0x00007f7d35ca1070:   00007f7d52b9c028 0000000000000001
0x00007f7d35ca1080:   00007f7d4c2e5140 0000000000000000
0x00007f7d35ca1090:   00007f7d52b9c028 00007f7d4c0bcfe0
0x00007f7d35ca10a0:   00007f7d35ca1760 00007f7d523c45fc
0x00007f7d35ca10b0:   00007f7d35ca1101 00007f7d35ca16c0 

Instructions: (pc=0x00007f7d526e253a)
0x00007f7d526e251a:   49 8b 46 30 48 89 85 68 ff ff ff e8 86 81 ae ff
0x00007f7d526e252a:   49 39 c7 0f 82 dd 00 00 00 31 f6 bf 20 00 00 00
0x00007f7d526e253a:   4d 8b 67 08 e8 3d 97 ef ff 48 85 c0 49 89 c5 74
0x00007f7d526e254a:   17 4c 89 20 48 c7 40 10 00 00 00 00 4c 89 78 08 

Register to memory mapping:

RAX=0x00000000d8733350 is an oop
java.lang.IndexOutOfBoundsException 
 - klass: 'java/lang/IndexOutOfBoundsException'
RBX=0x00007f7d4c2e5740 is an unknown value
RCX=0x00007f7d53603320: <offset 0x219320> in /lib/x86_64-linux-gnu/libpthread.so.0 at 0x00007f7d533ea000
RDX=0x000000000000fc8e is an unknown value
RSP=0x00007f7d35ca0ec0 is pointing into the stack for thread: 0x00007f7d4c0c4800
RBP=0x00007f7d35ca0fc0 is pointing into the stack for thread: 0x00007f7d4c0c4800
RSI=0x0000000000000000 is an unknown value
RDI=0x0000000000000020 is an unknown value
R8 =0x0000000000000002 is an unknown value
R9 =0x000000000033b000 is an unknown value
R10=0x00007f7d10000078 is an unknown value
R11=0x0000000010000001 is an unknown value
R12=0x0000000000000000 is an unknown value
R13=0x00007f7d1033bca0 is an unknown value
R14=0x00007f7d4c2e5140 is an unknown value
R15=0x00007f7d5370eff0 is pointing into the stack for thread: 0x00007f7d4c00c000


Stack: [0x00007f7d35ba2000,0x00007f7d35ca3000],  sp=0x00007f7d35ca0ec0,  free space=1019k
Native frames: (J=compiled Java code, j=interpreted, Vv=VM code, C=native code)
V  [libjvm.so+0xa9f53a]  interpretedVFrame::monitors() const+0x1ea
V  [libjvm.so+0x77fdb6]  JvmtiEnvBase::get_locked_objects_in_frame(JavaThread*, JavaThread*, javaVFrame*, GrowableArray<_jvmtiMonitorStackDepthInfo*>*, int)+0x86
V  [libjvm.so+0x7815fc]  JvmtiEnvBase::get_owned_monitors(JavaThread*, JavaThread*, GrowableArray<_jvmtiMonitorStackDepthInfo*>*)+0x10c
V  [libjvm.so+0x775780]  JvmtiEnv::GetOwnedMonitorInfo(JavaThread*, int*, _jobject***)+0xe0
V  [libjvm.so+0x737701]  jvmti_GetOwnedMonitorInfo+0x2f1
C  [libjdwp.so+0xa370]  ownedMonitors+0xd0
C  [libjdwp.so+0x119c6]  debugLoop_run+0x2b6
C  [libjdwp.so+0x247ff]  attachThread+0x2f
V  [libjvm.so+0x797102]  JvmtiAgentThread::call_start_function()+0xc2
V  [libjvm.so+0xa5c86f]  JavaThread::thread_main_inner()+0xdf
V  [libjvm.so+0xa5c99c]  JavaThread::run()+0x11c
V  [libjvm.so+0x910de8]  java_start(Thread*)+0x108
C  [libpthread.so.0+0x8182]  start_thread+0xc2


---------------  P R O C E S S  ---------------

Java Threads: ( => current thread )
  0x00007f7d4c0d4000 JavaThread "Service Thread" daemon [_thread_blocked, id=3865, stack(0x00007f7d3559c000,0x00007f7d3569d000)]
  0x00007f7d4c0ce800 JavaThread "C1 CompilerThread2" daemon [_thread_blocked, id=3864, stack(0x00007f7d3569d000,0x00007f7d3579e000)]
  0x00007f7d4c0cd000 JavaThread "C2 CompilerThread1" daemon [_thread_blocked, id=3863, stack(0x00007f7d3579e000,0x00007f7d3589f000)]
  0x00007f7d4c0ca000 JavaThread "C2 CompilerThread0" daemon [_thread_blocked, id=3862, stack(0x00007f7d3589f000,0x00007f7d359a0000)]
  0x00007f7d10001000 JavaThread "JDWP Command Reader" daemon [_thread_in_native, id=3859, stack(0x00007f7d359a0000,0x00007f7d35aa1000)]
  0x00007f7d4c0c8000 JavaThread "JDWP Event Helper Thread" daemon [_thread_blocked, id=3858, stack(0x00007f7d35aa1000,0x00007f7d35ba2000)]
=>0x00007f7d4c0c4800 JavaThread "JDWP Transport Listener: dt_socket" daemon [_thread_in_vm, id=3856, stack(0x00007f7d35ba2000,0x00007f7d35ca3000)]
  0x00007f7d4c0b8000 JavaThread "Signal Dispatcher" daemon [_thread_blocked, id=3853, stack(0x00007f7d35ea7000,0x00007f7d35fa8000)]
  0x00007f7d4c081000 JavaThread "Finalizer" daemon [_thread_blocked, id=3851, stack(0x00007f7d35fa8000,0x00007f7d360a9000)]
  0x00007f7d4c07f000 JavaThread "Reference Handler" daemon [_thread_blocked, id=3850, stack(0x00007f7d360a9000,0x00007f7d361aa000)]
  0x00007f7d4c00c000 JavaThread "main" [_thread_blocked, id=3843, stack(0x00007f7d5370c000,0x00007f7d5380d000)]

Other Threads:
  0x00007f7d4c07a000 VMThread [stack: 0x00007f7d361aa000,0x00007f7d362ab000] [id=3849]
  0x00007f7d4c0d7000 WatcherThread [stack: 0x00007f7d3549b000,0x00007f7d3559c000] [id=3866]

VM state:not at safepoint (normal execution)

VM Mutex/Monitor currently owned by a thread: None

Heap:
 PSYoungGen      total 36864K, used 23768K [0x00000000d7100000, 0x00000000d9a00000, 0x0000000100000000)
  eden space 31744K, 74% used [0x00000000d7100000,0x00000000d8836098,0x00000000d9000000)
  from space 5120K, 0% used [0x00000000d9500000,0x00000000d9500000,0x00000000d9a00000)
  to   space 5120K, 0% used [0x00000000d9000000,0x00000000d9000000,0x00000000d9500000)
 ParOldGen       total 84992K, used 0K [0x0000000085200000, 0x000000008a500000, 0x00000000d7100000)
  object space 84992K, 0% used [0x0000000085200000,0x0000000085200000,0x000000008a500000)
 Metaspace       used 9194K, capacity 9394K, committed 9600K, reserved 1058816K
  class space    used 1016K, capacity 1095K, committed 1152K, reserved 1048576K

Card table byte_map: [0x00007f7d3c441000,0x00007f7d3c819000] byte_map_base: 0x00007f7d3c018000

Marking Bits: (ParMarkBitMap*) 0x00007f7d52be0760
 Begin Bits: [0x00007f7d3803d000, 0x00007f7d39ef5000)
 End Bits:   [0x00007f7d39ef5000, 0x00007f7d3bdad000)

Polling page: 0x00007f7d53827000

CodeCache: size=245760Kb used=3647Kb max_used=3647Kb free=242112Kb
 bounds [0x00007f7d3cbd9000, 0x00007f7d3cf79000, 0x00007f7d4bbd9000]
 total_blobs=1308 nmethods=982 adapters=248
 compilation: enabled

Compilation events (10 events):
Event: 3,438 Thread 0x00007f7d4c0ce800  978       3       java.util.regex.Pattern$BranchConn::<init> (5 bytes)
Event: 3,438 Thread 0x00007f7d4c0ce800 nmethod 978 0x00007f7d3cf65150 code [0x00007f7d3cf652c0, 0x00007f7d3cf654f0]
Event: 3,438 Thread 0x00007f7d4c0ce800  979       3       java.util.regex.Pattern$Branch::<init> (37 bytes)
Event: 3,439 Thread 0x00007f7d4c0ce800 nmethod 979 0x00007f7d3cf68690 code [0x00007f7d3cf68820, 0x00007f7d3cf68d70]
Event: 3,441 Thread 0x00007f7d4c0ce800  980       3       java.util.ArrayList::<init> (12 bytes)
Event: 3,441 Thread 0x00007f7d4c0ce800 nmethod 980 0x00007f7d3cf68f50 code [0x00007f7d3cf690c0, 0x00007f7d3cf69350]
Event: 3,441 Thread 0x00007f7d4c0ce800  981       1       org.jsoup.nodes.Node::siblingIndex (5 bytes)
Event: 3,441 Thread 0x00007f7d4c0ce800 nmethod 981 0x00007f7d3cf64e90 code [0x00007f7d3cf64fe0, 0x00007f7d3cf650f0]
Event: 3,441 Thread 0x00007f7d4c0ce800  982       3       org.jsoup.nodes.Node::nextSibling (62 bytes)
Event: 3,442 Thread 0x00007f7d4c0ce800 nmethod 982 0x00007f7d3cf69490 code [0x00007f7d3cf69680, 0x00007f7d3cf6a0a8]

GC Heap History (0 events):
No events

Deoptimization events (7 events):
Event: 1,726 Thread 0x00007f7d4c00c000 Uncommon trap: reason=unstable_if action=reinterpret pc=0x00007f7d3cd75f08 method=java.io.ByteArrayInputStream.read()I @ 8
Event: 1,751 Thread 0x00007f7d4c00c000 Uncommon trap: reason=unstable_if action=reinterpret pc=0x00007f7d3cd449f4 method=java.lang.CharacterDataLatin1.digit(II)I @ 82
Event: 1,857 Thread 0x00007f7d4c00c000 Uncommon trap: reason=unstable_if action=reinterpret pc=0x00007f7d3cd3a274 method=java.lang.CharacterDataLatin1.digit(II)I @ 82
Event: 2,233 Thread 0x00007f7d4c00c000 Uncommon trap: reason=class_check action=maybe_recompile pc=0x00007f7d3ce0956c method=java.util.HashMap.putVal(ILjava/lang/Object;Ljava/lang/Object;ZZ)Ljava/lang/Object; @ 203
Event: 2,235 Thread 0x00007f7d4c00c000 Uncommon trap: reason=class_check action=maybe_recompile pc=0x00007f7d3ce095a0 method=java.util.HashMap.putVal(ILjava/lang/Object;Ljava/lang/Object;ZZ)Ljava/lang/Object; @ 91
Event: 2,237 Thread 0x00007f7d4c00c000 Uncommon trap: reason=class_check action=maybe_recompile pc=0x00007f7d3ce095a0 method=java.util.HashMap.putVal(ILjava/lang/Object;Ljava/lang/Object;ZZ)Ljava/lang/Object; @ 91
Event: 3,373 Thread 0x00007f7d4c00c000 Uncommon trap: reason=class_check action=maybe_recompile pc=0x00007f7d3ce095a0 method=java.util.HashMap.putVal(ILjava/lang/Object;Ljava/lang/Object;ZZ)Ljava/lang/Object; @ 91

Internal exceptions (8 events):
Event: 0,054 Thread 0x00007f7d4c00c000 Exception <a 'java/lang/NoSuchMethodError': Method sun.misc.Unsafe.defineClass(Ljava/lang/String;[BII)Ljava/lang/Class; name or signature does not match> (0x00000000d7112a38) thrown at [/RE-WORK/workspace/8-2-build-linux-amd64/jdk8u45/3457/hotspot/src/sha
Event: 0,054 Thread 0x00007f7d4c00c000 Exception <a 'java/lang/NoSuchMethodError': Method sun.misc.Unsafe.prefetchRead(Ljava/lang/Object;J)V name or signature does not match> (0x00000000d7112cc8) thrown at [/RE-WORK/workspace/8-2-build-linux-amd64/jdk8u45/3457/hotspot/src/share/vm/prims/jni.cp
Event: 1,721 Thread 0x00007f7d4c00c000 Exception <a 'java/security/PrivilegedActionException'> (0x00000000d791c3b8) thrown at [/RE-WORK/workspace/8-2-build-linux-amd64/jdk8u45/3457/hotspot/src/share/vm/prims/jvm.cpp, line 1382]
Event: 1,721 Thread 0x00007f7d4c00c000 Exception <a 'java/security/PrivilegedActionException'> (0x00000000d791c700) thrown at [/RE-WORK/workspace/8-2-build-linux-amd64/jdk8u45/3457/hotspot/src/share/vm/prims/jvm.cpp, line 1382]
Event: 2,215 Thread 0x00007f7d4c00c000 Exception <a 'java/lang/NoSuchFieldError': method resolution failed> (0x00000000d81becc8) thrown at [/RE-WORK/workspace/8-2-build-linux-amd64/jdk8u45/3457/hotspot/src/share/vm/prims/methodHandles.cpp, line 1125]
Event: 2,222 Thread 0x00007f7d4c00c000 Exception <a 'java/lang/NoSuchFieldError': method resolution failed> (0x00000000d81cd678) thrown at [/RE-WORK/workspace/8-2-build-linux-amd64/jdk8u45/3457/hotspot/src/share/vm/prims/methodHandles.cpp, line 1125]
Event: 3,371 Thread 0x00007f7d4c00c000 Exception <a 'java/security/PrivilegedActionException'> (0x00000000d84cae78) thrown at [/RE-WORK/workspace/8-2-build-linux-amd64/jdk8u45/3457/hotspot/src/share/vm/prims/jvm.cpp, line 1382]
Event: 3,371 Thread 0x00007f7d4c00c000 Exception <a 'java/security/PrivilegedActionException'> (0x00000000d84cb030) thrown at [/RE-WORK/workspace/8-2-build-linux-amd64/jdk8u45/3457/hotspot/src/share/vm/prims/jvm.cpp, line 1382]

Events (10 events):
Event: 41,521 Executing VM operation: ChangeBreakpoints
Event: 41,521 Executing VM operation: ChangeBreakpoints done
Event: 41,526 Executing VM operation: EnterInterpOnlyMode
Event: 41,527 Executing VM operation: EnterInterpOnlyMode done
Event: 41,527 Executing VM operation: GetCurrentLocation
Event: 41,527 Executing VM operation: GetCurrentLocation done
Event: 41,527 Executing VM operation: ChangeSingleStep
Event: 41,527 Executing VM operation: ChangeSingleStep done
Event: 41,527 Executing VM operation: ChangeSingleStep
Event: 41,527 Executing VM operation: ChangeSingleStep done


Dynamic libraries:
00400000-00401000 r-xp 00000000 08:0a 1058376                            /usr/lib/jvm/java-8-oracle/bin/java
00600000-00601000 rw-p 00000000 08:0a 1058376                            /usr/lib/jvm/java-8-oracle/bin/java
0199e000-019bf000 rw-p 00000000 00:00 0                                  [heap]
85200000-8a500000 rw-p 00000000 00:00 0 
8a500000-d7100000 ---p 00000000 00:00 0 
d7100000-d9a00000 rw-p 00000000 00:00 0 
d9a00000-100000000 ---p 00000000 00:00 0 
100000000-100120000 rw-p 00000000 00:00 0 
100120000-140000000 ---p 00000000 00:00 0 
7f7cec000000-7f7cec021000 rw-p 00000000 00:00 0 
7f7cec021000-7f7cf0000000 ---p 00000000 00:00 0 
7f7cf4000000-7f7cf41f6000 rw-p 00000000 00:00 0 
7f7cf41f6000-7f7cf8000000 ---p 00000000 00:00 0 
7f7cf8000000-7f7cf8021000 rw-p 00000000 00:00 0 
7f7cf8021000-7f7cfc000000 ---p 00000000 00:00 0 
7f7cfc000000-7f7cfc1a2000 rw-p 00000000 00:00 0 
7f7cfc1a2000-7f7d00000000 ---p 00000000 00:00 0 
7f7d00000000-7f7d00021000 rw-p 00000000 00:00 0 
7f7d00021000-7f7d04000000 ---p 00000000 00:00 0 
7f7d04000000-7f7d04021000 rw-p 00000000 00:00 0 
7f7d04021000-7f7d08000000 ---p 00000000 00:00 0 
7f7d08000000-7f7d081ba000 rw-p 00000000 00:00 0 
7f7d081ba000-7f7d0c000000 ---p 00000000 00:00 0 
7f7d0c000000-7f7d0c021000 rw-p 00000000 00:00 0 
7f7d0c021000-7f7d10000000 ---p 00000000 00:00 0 
7f7d10000000-7f7d105dd000 rw-p 00000000 00:00 0 
7f7d105dd000-7f7d14000000 ---p 00000000 00:00 0 
7f7d14000000-7f7d14021000 rw-p 00000000 00:00 0 
7f7d14021000-7f7d18000000 ---p 00000000 00:00 0 
7f7d18000000-7f7d18021000 rw-p 00000000 00:00 0 
7f7d18021000-7f7d1c000000 ---p 00000000 00:00 0 
7f7d1c000000-7f7d1c021000 rw-p 00000000 00:00 0 
7f7d1c021000-7f7d20000000 ---p 00000000 00:00 0 
7f7d20000000-7f7d20021000 rw-p 00000000 00:00 0 
7f7d20021000-7f7d24000000 ---p 00000000 00:00 0 
7f7d24000000-7f7d24021000 rw-p 00000000 00:00 0 
7f7d24021000-7f7d28000000 ---p 00000000 00:00 0 
7f7d28000000-7f7d28021000 rw-p 00000000 00:00 0 
7f7d28021000-7f7d2c000000 ---p 00000000 00:00 0 
7f7d2c000000-7f7d2c021000 rw-p 00000000 00:00 0 
7f7d2c021000-7f7d30000000 ---p 00000000 00:00 0 
7f7d30000000-7f7d30021000 rw-p 00000000 00:00 0 
7f7d30021000-7f7d34000000 ---p 00000000 00:00 0 
7f7d344eb000-7f7d3452b000 rw-p 00000000 00:00 0 
7f7d3452b000-7f7d346ee000 ---p 00000000 00:00 0 
7f7d346ee000-7f7d347ec000 rw-p 00000000 00:00 0 
7f7d347ec000-7f7d34802000 r-xp 00000000 08:0a 3018841                    /lib/x86_64-linux-gnu/libgcc_s.so.1
7f7d34802000-7f7d34a01000 ---p 00016000 08:0a 3018841                    /lib/x86_64-linux-gnu/libgcc_s.so.1
7f7d34a01000-7f7d34a02000 rw-p 00015000 08:0a 3018841                    /lib/x86_64-linux-gnu/libgcc_s.so.1
7f7d34a02000-7f7d34a34000 r-xp 00000000 08:0a 1476979                    /usr/lib/jvm/java-8-oracle/jre/lib/amd64/libsunec.so
7f7d34a34000-7f7d34c33000 ---p 00032000 08:0a 1476979                    /usr/lib/jvm/java-8-oracle/jre/lib/amd64/libsunec.so
7f7d34c33000-7f7d34c39000 rw-p 00031000 08:0a 1476979                    /usr/lib/jvm/java-8-oracle/jre/lib/amd64/libsunec.so
7f7d34c39000-7f7d34c49000 rw-p 00000000 00:00 0 
7f7d34c49000-7f7d34c60000 r-xp 00000000 08:0a 3014661                    /lib/x86_64-linux-gnu/libresolv-2.19.so
7f7d34c60000-7f7d34e60000 ---p 00017000 08:0a 3014661                    /lib/x86_64-linux-gnu/libresolv-2.19.so
7f7d34e60000-7f7d34e61000 r--p 00017000 08:0a 3014661                    /lib/x86_64-linux-gnu/libresolv-2.19.so
7f7d34e61000-7f7d34e62000 rw-p 00018000 08:0a 3014661                    /lib/x86_64-linux-gnu/libresolv-2.19.so
7f7d34e62000-7f7d34e64000 rw-p 00000000 00:00 0 
7f7d34e64000-7f7d34e69000 r-xp 00000000 08:0a 3014685                    /lib/x86_64-linux-gnu/libnss_dns-2.19.so
7f7d34e69000-7f7d35068000 ---p 00005000 08:0a 3014685                    /lib/x86_64-linux-gnu/libnss_dns-2.19.so
7f7d35068000-7f7d35069000 r--p 00004000 08:0a 3014685                    /lib/x86_64-linux-gnu/libnss_dns-2.19.so
7f7d35069000-7f7d3506a000 rw-p 00005000 08:0a 3014685                    /lib/x86_64-linux-gnu/libnss_dns-2.19.so
7f7d3506a000-7f7d3506c000 r-xp 00000000 08:0a 3018895                    /lib/x86_64-linux-gnu/libnss_mdns4_minimal.so.2
7f7d3506c000-7f7d3526b000 ---p 00002000 08:0a 3018895                    /lib/x86_64-linux-gnu/libnss_mdns4_minimal.so.2
7f7d3526b000-7f7d3526c000 r--p 00001000 08:0a 3018895                    /lib/x86_64-linux-gnu/libnss_mdns4_minimal.so.2
7f7d3526c000-7f7d3526d000 rw-p 00002000 08:0a 3018895                    /lib/x86_64-linux-gnu/libnss_mdns4_minimal.so.2
7f7d35271000-7f7d35284000 r--s 00344000 08:0a 1058754                    /usr/lib/jvm/java-8-oracle/jre/lib/resources.jar
7f7d35284000-7f7d3529a000 r-xp 00000000 08:0a 1476927                    /usr/lib/jvm/java-8-oracle/jre/lib/amd64/libnet.so
7f7d3529a000-7f7d3549a000 ---p 00016000 08:0a 1476927                    /usr/lib/jvm/java-8-oracle/jre/lib/amd64/libnet.so
7f7d3549a000-7f7d3549b000 rw-p 00016000 08:0a 1476927                    /usr/lib/jvm/java-8-oracle/jre/lib/amd64/libnet.so
7f7d3549b000-7f7d3549c000 ---p 00000000 00:00 0 
7f7d3549c000-7f7d3559c000 rw-p 00000000 00:00 0                          [stack:3866]
7f7d3559c000-7f7d3559f000 ---p 00000000 00:00 0 
7f7d3559f000-7f7d3569d000 rw-p 00000000 00:00 0                          [stack:3865]
7f7d3569d000-7f7d356a0000 ---p 00000000 00:00 0 
7f7d356a0000-7f7d3579e000 rw-p 00000000 00:00 0                          [stack:3864]
7f7d3579e000-7f7d357a1000 ---p 00000000 00:00 0 
7f7d357a1000-7f7d3589f000 rw-p 00000000 00:00 0                          [stack:3863]
7f7d3589f000-7f7d358a2000 ---p 00000000 00:00 0 
7f7d358a2000-7f7d359a0000 rw-p 00000000 00:00 0                          [stack:3862]
7f7d359a0000-7f7d359a3000 ---p 00000000 00:00 0 
7f7d359a3000-7f7d35aa1000 rw-p 00000000 00:00 0                          [stack:3859]
7f7d35aa1000-7f7d35aa4000 ---p 00000000 00:00 0 
7f7d35aa4000-7f7d35ba2000 rw-p 00000000 00:00 0                          [stack:3858]
7f7d35ba2000-7f7d35ba5000 ---p 00000000 00:00 0 
7f7d35ba5000-7f7d35ca3000 rw-p 00000000 00:00 0                          [stack:3856]
7f7d35ca3000-7f7d35ca7000 r-xp 00000000 08:0a 1477003                    /usr/lib/jvm/java-8-oracle/jre/lib/amd64/libdt_socket.so
7f7d35ca7000-7f7d35ea6000 ---p 00004000 08:0a 1477003                    /usr/lib/jvm/java-8-oracle/jre/lib/amd64/libdt_socket.so
7f7d35ea6000-7f7d35ea7000 rw-p 00003000 08:0a 1477003                    /usr/lib/jvm/java-8-oracle/jre/lib/amd64/libdt_socket.so
7f7d35ea7000-7f7d35eaa000 ---p 00000000 00:00 0 
7f7d35eaa000-7f7d35fa8000 rw-p 00000000 00:00 0                          [stack:3853]
7f7d35fa8000-7f7d35fab000 ---p 00000000 00:00 0 
7f7d35fab000-7f7d360a9000 rw-p 00000000 00:00 0                          [stack:3851]
7f7d360a9000-7f7d360ac000 ---p 00000000 00:00 0 
7f7d360ac000-7f7d361aa000 rw-p 00000000 00:00 0                          [stack:3850]
7f7d361aa000-7f7d361ab000 ---p 00000000 00:00 0 
7f7d361ab000-7f7d3728d000 rw-p 00000000 00:00 0                          [stack:3849]
7f7d3728d000-7f7d37466000 r--s 03d09000 08:0a 1058712                    /usr/lib/jvm/java-8-oracle/jre/lib/rt.jar
7f7d37466000-7f7d3bdad000 rw-p 00000000 00:00 0 
7f7d3bdad000-7f7d3bdae000 ---p 00000000 00:00 0 
7f7d3bdae000-7f7d3beae000 rw-p 00000000 00:00 0                          [stack:3848]
7f7d3beae000-7f7d3beaf000 ---p 00000000 00:00 0 
7f7d3beaf000-7f7d3bfaf000 rw-p 00000000 00:00 0                          [stack:3847]
7f7d3bfaf000-7f7d3bfb0000 ---p 00000000 00:00 0 
7f7d3bfb0000-7f7d3c0b0000 rw-p 00000000 00:00 0                          [stack:3846]
7f7d3c0b0000-7f7d3c0b1000 ---p 00000000 00:00 0 
7f7d3c0b1000-7f7d3c1db000 rw-p 00000000 00:00 0                          [stack:3845]
7f7d3c1db000-7f7d3c441000 ---p 00000000 00:00 0 
7f7d3c441000-7f7d3c46b000 rw-p 00000000 00:00 0 
7f7d3c46b000-7f7d3c6d0000 ---p 00000000 00:00 0 
7f7d3c6d0000-7f7d3c6e5000 rw-p 00000000 00:00 0 
7f7d3c6e5000-7f7d3c818000 ---p 00000000 00:00 0 
7f7d3c818000-7f7d3c828000 rw-p 00000000 00:00 0 
7f7d3c828000-7f7d3cbd9000 ---p 00000000 00:00 0 
7f7d3cbd9000-7f7d3cf79000 rwxp 00000000 00:00 0 
7f7d3cf79000-7f7d4bbd9000 ---p 00000000 00:00 0 
7f7d4bbd9000-7f7d4bbf3000 r-xp 00000000 08:0a 1476989                    /usr/lib/jvm/java-8-oracle/jre/lib/amd64/libzip.so
7f7d4bbf3000-7f7d4bdf3000 ---p 0001a000 08:0a 1476989                    /usr/lib/jvm/java-8-oracle/jre/lib/amd64/libzip.so
7f7d4bdf3000-7f7d4bdf4000 rw-p 0001a000 08:0a 1476989                    /usr/lib/jvm/java-8-oracle/jre/lib/amd64/libzip.so
7f7d4bdf4000-7f7d4bdff000 r-xp 00000000 08:0a 3014675                    /lib/x86_64-linux-gnu/libnss_files-2.19.so
7f7d4bdff000-7f7d4bffe000 ---p 0000b000 08:0a 3014675                    /lib/x86_64-linux-gnu/libnss_files-2.19.so
7f7d4bffe000-7f7d4bfff000 r--p 0000a000 08:0a 3014675                    /lib/x86_64-linux-gnu/libnss_files-2.19.so
7f7d4bfff000-7f7d4c000000 rw-p 0000b000 08:0a 3014675                    /lib/x86_64-linux-gnu/libnss_files-2.19.so
7f7d4c000000-7f7d4c3e3000 rw-p 00000000 00:00 0 
7f7d4c3e3000-7f7d50000000 ---p 00000000 00:00 0 
7f7d50003000-7f7d50079000 rw-p 00000000 00:00 0 
7f7d50079000-7f7d50084000 r-xp 00000000 08:0a 3018743                    /lib/x86_64-linux-gnu/libnss_nis-2.19.so
7f7d50084000-7f7d50283000 ---p 0000b000 08:0a 3018743                    /lib/x86_64-linux-gnu/libnss_nis-2.19.so
7f7d50283000-7f7d50284000 r--p 0000a000 08:0a 3018743                    /lib/x86_64-linux-gnu/libnss_nis-2.19.so
7f7d50284000-7f7d50285000 rw-p 0000b000 08:0a 3018743                    /lib/x86_64-linux-gnu/libnss_nis-2.19.so
7f7d50285000-7f7d5029c000 r-xp 00000000 08:0a 3014750                    /lib/x86_64-linux-gnu/libnsl-2.19.so
7f7d5029c000-7f7d5049b000 ---p 00017000 08:0a 3014750                    /lib/x86_64-linux-gnu/libnsl-2.19.so
7f7d5049b000-7f7d5049c000 r--p 00016000 08:0a 3014750                    /lib/x86_64-linux-gnu/libnsl-2.19.so
7f7d5049c000-7f7d5049d000 rw-p 00017000 08:0a 3014750                    /lib/x86_64-linux-gnu/libnsl-2.19.so
7f7d5049d000-7f7d5049f000 rw-p 00000000 00:00 0 
7f7d5049f000-7f7d504a8000 r-xp 00000000 08:0a 3014749                    /lib/x86_64-linux-gnu/libnss_compat-2.19.so
7f7d504a8000-7f7d506a7000 ---p 00009000 08:0a 3014749                    /lib/x86_64-linux-gnu/libnss_compat-2.19.so
7f7d506a7000-7f7d506a8000 r--p 00008000 08:0a 3014749                    /lib/x86_64-linux-gnu/libnss_compat-2.19.so
7f7d506a8000-7f7d506a9000 rw-p 00009000 08:0a 3014749                    /lib/x86_64-linux-gnu/libnss_compat-2.19.so
7f7d506a9000-7f7d50ebd000 r--p 00000000 08:0a 401229                     /usr/lib/locale/locale-archive
7f7d50ebd000-7f7d50ebf000 r-xp 00000000 08:0a 1476947                    /usr/lib/jvm/java-8-oracle/jre/lib/amd64/libnpt.so
7f7d50ebf000-7f7d510bf000 ---p 00002000 08:0a 1476947                    /usr/lib/jvm/java-8-oracle/jre/lib/amd64/libnpt.so
7f7d510bf000-7f7d510c0000 rw-p 00002000 08:0a 1476947                    /usr/lib/jvm/java-8-oracle/jre/lib/amd64/libnpt.so
7f7d510c0000-7f7d510f9000 r-xp 00000000 08:0a 1477013                    /usr/lib/jvm/java-8-oracle/jre/lib/amd64/libjdwp.so
7f7d510f9000-7f7d512f8000 ---p 00039000 08:0a 1477013                    /usr/lib/jvm/java-8-oracle/jre/lib/amd64/libjdwp.so
7f7d512f8000-7f7d512fa000 rw-p 00038000 08:0a 1477013                    /usr/lib/jvm/java-8-oracle/jre/lib/amd64/libjdwp.so
7f7d512fa000-7f7d51324000 r-xp 00000000 08:0a 1476953                    /usr/lib/jvm/java-8-oracle/jre/lib/amd64/libjava.so
7f7d51324000-7f7d51524000 ---p 0002a000 08:0a 1476953                    /usr/lib/jvm/java-8-oracle/jre/lib/amd64/libjava.so
7f7d51524000-7f7d51526000 rw-p 0002a000 08:0a 1476953                    /usr/lib/jvm/java-8-oracle/jre/lib/amd64/libjava.so
7f7d51526000-7f7d51533000 r-xp 00000000 08:0a 1476969                    /usr/lib/jvm/java-8-oracle/jre/lib/amd64/libverify.so
7f7d51533000-7f7d51733000 ---p 0000d000 08:0a 1476969                    /usr/lib/jvm/java-8-oracle/jre/lib/amd64/libverify.so
7f7d51733000-7f7d51735000 rw-p 0000d000 08:0a 1476969                    /usr/lib/jvm/java-8-oracle/jre/lib/amd64/libverify.so
7f7d51735000-7f7d5173c000 r-xp 00000000 08:0a 3014758                    /lib/x86_64-linux-gnu/librt-2.19.so
7f7d5173c000-7f7d5193b000 ---p 00007000 08:0a 3014758                    /lib/x86_64-linux-gnu/librt-2.19.so
7f7d5193b000-7f7d5193c000 r--p 00006000 08:0a 3014758                    /lib/x86_64-linux-gnu/librt-2.19.so
7f7d5193c000-7f7d5193d000 rw-p 00007000 08:0a 3014758                    /lib/x86_64-linux-gnu/librt-2.19.so
7f7d5193d000-7f7d51a42000 r-xp 00000000 08:0a 3014671                    /lib/x86_64-linux-gnu/libm-2.19.so
7f7d51a42000-7f7d51c41000 ---p 00105000 08:0a 3014671                    /lib/x86_64-linux-gnu/libm-2.19.so
7f7d51c41000-7f7d51c42000 r--p 00104000 08:0a 3014671                    /lib/x86_64-linux-gnu/libm-2.19.so
7f7d51c42000-7f7d51c43000 rw-p 00105000 08:0a 3014671                    /lib/x86_64-linux-gnu/libm-2.19.so
7f7d51c43000-7f7d528f1000 r-xp 00000000 08:0a 1972912                    /usr/lib/jvm/java-8-oracle/jre/lib/amd64/server/libjvm.so
7f7d528f1000-7f7d52af0000 ---p 00cae000 08:0a 1972912                    /usr/lib/jvm/java-8-oracle/jre/lib/amd64/server/libjvm.so
7f7d52af0000-7f7d52bc7000 rw-p 00cad000 08:0a 1972912                    /usr/lib/jvm/java-8-oracle/jre/lib/amd64/server/libjvm.so
7f7d52bc7000-7f7d52c0b000 rw-p 00000000 00:00 0 
7f7d52c0b000-7f7d52dc6000 r-xp 00000000 08:0a 3014755                    /lib/x86_64-linux-gnu/libc-2.19.so
7f7d52dc6000-7f7d52fc5000 ---p 001bb000 08:0a 3014755                    /lib/x86_64-linux-gnu/libc-2.19.so
7f7d52fc5000-7f7d52fc9000 r--p 001ba000 08:0a 3014755                    /lib/x86_64-linux-gnu/libc-2.19.so
7f7d52fc9000-7f7d52fcb000 rw-p 001be000 08:0a 3014755                    /lib/x86_64-linux-gnu/libc-2.19.so
7f7d52fcb000-7f7d52fd0000 rw-p 00000000 00:00 0 
7f7d52fd0000-7f7d52fd3000 r-xp 00000000 08:0a 3014686                    /lib/x86_64-linux-gnu/libdl-2.19.so
7f7d52fd3000-7f7d531d2000 ---p 00003000 08:0a 3014686                    /lib/x86_64-linux-gnu/libdl-2.19.so
7f7d531d2000-7f7d531d3000 r--p 00002000 08:0a 3014686                    /lib/x86_64-linux-gnu/libdl-2.19.so
7f7d531d3000-7f7d531d4000 rw-p 00003000 08:0a 3014686                    /lib/x86_64-linux-gnu/libdl-2.19.so
7f7d531d4000-7f7d531e9000 r-xp 00000000 08:0a 538208                     /usr/lib/jvm/java-8-oracle/lib/amd64/jli/libjli.so
7f7d531e9000-7f7d533e9000 ---p 00015000 08:0a 538208                     /usr/lib/jvm/java-8-oracle/lib/amd64/jli/libjli.so
7f7d533e9000-7f7d533ea000 rw-p 00015000 08:0a 538208                     /usr/lib/jvm/java-8-oracle/lib/amd64/jli/libjli.so
7f7d533ea000-7f7d53403000 r-xp 00000000 08:0a 3014756                    /lib/x86_64-linux-gnu/libpthread-2.19.so
7f7d53403000-7f7d53602000 ---p 00019000 08:0a 3014756                    /lib/x86_64-linux-gnu/libpthread-2.19.so
7f7d53602000-7f7d53603000 r--p 00018000 08:0a 3014756                    /lib/x86_64-linux-gnu/libpthread-2.19.so
7f7d53603000-7f7d53604000 rw-p 00019000 08:0a 3014756                    /lib/x86_64-linux-gnu/libpthread-2.19.so
7f7d53604000-7f7d53608000 rw-p 00000000 00:00 0 
7f7d53608000-7f7d5362b000 r-xp 00000000 08:0a 3014752                    /lib/x86_64-linux-gnu/ld-2.19.so
7f7d5362c000-7f7d5362f000 rw-p 00000000 00:00 0 
7f7d5362f000-7f7d53634000 r--s 0003f000 08:0a 1338075                    /usr/lib/jvm/java-8-oracle/jre/lib/ext/sunjce_provider.jar
7f7d53634000-7f7d53635000 r--s 00009000 08:0a 1338278                    /usr/lib/jvm/java-8-oracle/jre/lib/ext/sunec.jar
7f7d53635000-7f7d53638000 r--s 0003a000 08:0a 1338076                    /usr/lib/jvm/java-8-oracle/jre/lib/ext/sunpkcs11.jar
7f7d53638000-7f7d5363b000 r--s 0001a000 08:0a 1058725                    /usr/lib/jvm/java-8-oracle/jre/lib/jce.jar
7f7d5363b000-7f7d53641000 r--s 00044000 08:0a 3538960                    /home/nikita/Загрузки/jsoup/jsoup.jar
7f7d53641000-7f7d5370c000 rw-p 00000000 00:00 0 
7f7d5370c000-7f7d5370f000 ---p 00000000 00:00 0 
7f7d5370f000-7f7d53811000 rw-p 00000000 00:00 0                          [stack:3843]
7f7d53811000-7f7d53816000 r--s 00094000 08:0a 1058751                    /usr/lib/jvm/java-8-oracle/jre/lib/jsse.jar
7f7d53816000-7f7d53818000 r--s 0001d000 08:0a 3538970                    /home/nikita/Загрузки/jsoup/jsoup-1.8.1-sources.jar
7f7d53818000-7f7d5381e000 r--s 00080000 08:0a 3538972                    /home/nikita/Загрузки/jsoup/jsoup-1.8.1-javadoc.jar
7f7d5381e000-7f7d53826000 rw-s 00000000 08:0a 3538957                    /tmp/hsperfdata_nikita/3837
7f7d53826000-7f7d53827000 rw-p 00000000 00:00 0 
7f7d53827000-7f7d53828000 r--p 00000000 00:00 0 
7f7d53828000-7f7d5382a000 rw-p 00000000 00:00 0 
7f7d5382a000-7f7d5382b000 r--p 00022000 08:0a 3014752                    /lib/x86_64-linux-gnu/ld-2.19.so
7f7d5382b000-7f7d5382c000 rw-p 00023000 08:0a 3014752                    /lib/x86_64-linux-gnu/ld-2.19.so
7f7d5382c000-7f7d5382d000 rw-p 00000000 00:00 0 
7ffea35f2000-7ffea3613000 rw-p 00000000 00:00 0                          [stack]
7ffea3644000-7ffea3646000 r-xp 00000000 00:00 0                          [vdso]
7ffea3646000-7ffea3648000 r--p 00000000 00:00 0                          [vvar]
ffffffffff600000-ffffffffff601000 r-xp 00000000 00:00 0                  [vsyscall]

VM Arguments:
jvm_args: -agentlib:jdwp=transport=dt_socket,suspend=y,address=localhost:44848 -Dfile.encoding=UTF-8 
java_command: parser.parser
java_class_path (initial): /home/nikita/workspace/parser/bin:/home/nikita/Загрузки/jsoup/jsoup-1.8.1-javadoc.jar:/home/nikita/Загрузки/jsoup/jsoup-1.8.1-sources.jar:/home/nikita/Загрузки/jsoup/jsoup.jar
Launcher Type: SUN_STANDARD

Environment Variables:
PATH=/home/nikita/.rvm/gems/ruby-2.0.0-p598/bin:/home/nikita/.rvm/gems/ruby-2.0.0-p598@global/bin:/home/nikita/.rvm/rubies/ruby-2.0.0-p598/bin:/usr/local/sbin:/usr/local/bin:/usr/sbin:/usr/bin:/sbin:/bin:/usr/games:/usr/local/games:/home/nikita/.rvm/bin
SHELL=/bin/bash
DISPLAY=:0.0

Signal Handlers:
SIGSEGV: [libjvm.so+0xaad1e0], sa_mask[0]=11111111011111111101111111111110, sa_flags=SA_RESTART|SA_SIGINFO
SIGBUS: [libjvm.so+0xaad1e0], sa_mask[0]=11111111011111111101111111111110, sa_flags=SA_RESTART|SA_SIGINFO
SIGFPE: [libjvm.so+0x90b450], sa_mask[0]=11111111011111111101111111111110, sa_flags=SA_RESTART|SA_SIGINFO
SIGPIPE: [libjvm.so+0x90b450], sa_mask[0]=11111111011111111101111111111110, sa_flags=SA_RESTART|SA_SIGINFO
SIGXFSZ: [libjvm.so+0x90b450], sa_mask[0]=11111111011111111101111111111110, sa_flags=SA_RESTART|SA_SIGINFO
SIGILL: [libjvm.so+0x90b450], sa_mask[0]=11111111011111111101111111111110, sa_flags=SA_RESTART|SA_SIGINFO
SIGUSR1: SIG_DFL, sa_mask[0]=00000000000000000000000000000000, sa_flags=none
SIGUSR2: [libjvm.so+0x90ca90], sa_mask[0]=00100000000000000000000000000000, sa_flags=SA_RESTART|SA_SIGINFO
SIGHUP: [libjvm.so+0x90dde0], sa_mask[0]=11111111011111111101111111111110, sa_flags=SA_RESTART|SA_SIGINFO
SIGINT: [libjvm.so+0x90dde0], sa_mask[0]=11111111011111111101111111111110, sa_flags=SA_RESTART|SA_SIGINFO
SIGTERM: [libjvm.so+0x90dde0], sa_mask[0]=11111111011111111101111111111110, sa_flags=SA_RESTART|SA_SIGINFO
SIGQUIT: [libjvm.so+0x90dde0], sa_mask[0]=11111111011111111101111111111110, sa_flags=SA_RESTART|SA_SIGINFO


---------------  S Y S T E M  ---------------

OS:DISTRIB_ID=Ubuntu
DISTRIB_RELEASE=14.04
DISTRIB_CODENAME=trusty
DISTRIB_DESCRIPTION="Ubuntu 14.04.2 LTS"

uname:Linux 3.16.0-34-generic #47~14.04.1-Ubuntu SMP Fri Apr 10 17:49:16 UTC 2015 x86_64
libc:glibc 2.19 NPTL 2.19 
rlimit: STACK 8192k, CORE 0k, NPROC 31140, NOFILE 4096, AS infinity
load average:0,30 0,39 0,32

/proc/meminfo:
MemTotal:        8047236 kB
MemFree:         6121348 kB
MemAvailable:    6617312 kB
Buffers:           70660 kB
Cached:           754312 kB
SwapCached:            0 kB
Active:          1235316 kB
Inactive:         510456 kB
Active(anon):     923148 kB
Inactive(anon):   173268 kB
Active(file):     312168 kB
Inactive(file):   337188 kB
Unevictable:          32 kB
Mlocked:              32 kB
SwapTotal:       8259580 kB
SwapFree:        8259580 kB
Dirty:                28 kB
Writeback:             0 kB
AnonPages:        921244 kB
Mapped:           191004 kB
Shmem:            175620 kB
Slab:              58836 kB
SReclaimable:      31088 kB
SUnreclaim:        27748 kB
KernelStack:        6992 kB
PageTables:        25632 kB
NFS_Unstable:          0 kB
Bounce:                0 kB
WritebackTmp:          0 kB
CommitLimit:    12283196 kB
Committed_AS:    3509312 kB
VmallocTotal:   34359738367 kB
VmallocUsed:      409944 kB
VmallocChunk:   34359315960 kB
HardwareCorrupted:     0 kB
AnonHugePages:    559104 kB
HugePages_Total:       0
HugePages_Free:        0
HugePages_Rsvd:        0
HugePages_Surp:        0
Hugepagesize:       2048 kB
DirectMap4k:       80004 kB
DirectMap2M:     8179712 kB


CPU:total 4 (2 cores per cpu, 2 threads per core) family 6 model 58 stepping 9, cmov, cx8, fxsr, mmx, sse, sse2, sse3, ssse3, sse4.1, sse4.2, popcnt, avx, clmul, erms, ht, tsc, tscinvbit, tscinv

/proc/cpuinfo:
processor	: 0
vendor_id	: GenuineIntel
cpu family	: 6
model		: 58
model name	: Intel(R) Core(TM) i5-3230M CPU @ 2.60GHz
stepping	: 9
microcode	: 0x17
cpu MHz		: 2999.953
cache size	: 3072 KB
physical id	: 0
siblings	: 4
core id		: 0
cpu cores	: 2
apicid		: 0
initial apicid	: 0
fpu		: yes
fpu_exception	: yes
cpuid level	: 13
wp		: yes
flags		: fpu vme de pse tsc msr pae mce cx8 apic sep mtrr pge mca cmov pat pse36 clflush dts acpi mmx fxsr sse sse2 ss ht tm pbe syscall nx rdtscp lm constant_tsc arch_perfmon pebs bts rep_good nopl xtopology nonstop_tsc aperfmperf eagerfpu pni pclmulqdq dtes64 monitor ds_cpl vmx est tm2 ssse3 cx16 xtpr pdcm pcid sse4_1 sse4_2 x2apic popcnt tsc_deadline_timer xsave avx f16c rdrand lahf_lm ida arat epb xsaveopt pln pts dtherm tpr_shadow vnmi flexpriority ept vpid fsgsbase smep erms
bogomips	: 5187.95
clflush size	: 64
cache_alignment	: 64
address sizes	: 36 bits physical, 48 bits virtual
power management:

processor	: 1
vendor_id	: GenuineIntel
cpu family	: 6
model		: 58
model name	: Intel(R) Core(TM) i5-3230M CPU @ 2.60GHz
stepping	: 9
microcode	: 0x17
cpu MHz		: 3000.054
cache size	: 3072 KB
physical id	: 0
siblings	: 4
core id		: 0
cpu cores	: 2
apicid		: 1
initial apicid	: 1
fpu		: yes
fpu_exception	: yes
cpuid level	: 13
wp		: yes
flags		: fpu vme de pse tsc msr pae mce cx8 apic sep mtrr pge mca cmov pat pse36 clflush dts acpi mmx fxsr sse sse2 ss ht tm pbe syscall nx rdtscp lm constant_tsc arch_perfmon pebs bts rep_good nopl xtopology nonstop_tsc aperfmperf eagerfpu pni pclmulqdq dtes64 monitor ds_cpl vmx est tm2 ssse3 cx16 xtpr pdcm pcid sse4_1 sse4_2 x2apic popcnt tsc_deadline_timer xsave avx f16c rdrand lahf_lm ida arat epb xsaveopt pln pts dtherm tpr_shadow vnmi flexpriority ept vpid fsgsbase smep erms
bogomips	: 5187.95
clflush size	: 64
cache_alignment	: 64
address sizes	: 36 bits physical, 48 bits virtual
power management:

processor	: 2
vendor_id	: GenuineIntel
cpu family	: 6
model		: 58
model name	: Intel(R) Core(TM) i5-3230M CPU @ 2.60GHz
stepping	: 9
microcode	: 0x17
cpu MHz		: 3000.054
cache size	: 3072 KB
physical id	: 0
siblings	: 4
core id		: 1
cpu cores	: 2
apicid		: 2
initial apicid	: 2
fpu		: yes
fpu_exception	: yes
cpuid level	: 13
wp		: yes
flags		: fpu vme de pse tsc msr pae mce cx8 apic sep mtrr pge mca cmov pat pse36 clflush dts acpi mmx fxsr sse sse2 ss ht tm pbe syscall nx rdtscp lm constant_tsc arch_perfmon pebs bts rep_good nopl xtopology nonstop_tsc aperfmperf eagerfpu pni pclmulqdq dtes64 monitor ds_cpl vmx est tm2 ssse3 cx16 xtpr pdcm pcid sse4_1 sse4_2 x2apic popcnt tsc_deadline_timer xsave avx f16c rdrand lahf_lm ida arat epb xsaveopt pln pts dtherm tpr_shadow vnmi flexpriority ept vpid fsgsbase smep erms
bogomips	: 5187.95
clflush size	: 64
cache_alignment	: 64
address sizes	: 36 bits physical, 48 bits virtual
power management:

processor	: 3
vendor_id	: GenuineIntel
cpu family	: 6
model		: 58
model name	: Intel(R) Core(TM) i5-3230M CPU @ 2.60GHz
stepping	: 9
microcode	: 0x17
cpu MHz		: 2999.953
cache size	: 3072 KB
physical id	: 0
siblings	: 4
core id		: 1
cpu cores	: 2
apicid		: 3
initial apicid	: 3
fpu		: yes
fpu_exception	: yes
cpuid level	: 13
wp		: yes
flags		: fpu vme de pse tsc msr pae mce cx8 apic sep mtrr pge mca cmov pat pse36 clflush dts acpi mmx fxsr sse sse2 ss ht tm pbe syscall nx rdtscp lm constant_tsc arch_perfmon pebs bts rep_good nopl xtopology nonstop_tsc aperfmperf eagerfpu pni pclmulqdq dtes64 monitor ds_cpl vmx est tm2 ssse3 cx16 xtpr pdcm pcid sse4_1 sse4_2 x2apic popcnt tsc_deadline_timer xsave avx f16c rdrand lahf_lm ida arat epb xsaveopt pln pts dtherm tpr_shadow vnmi flexpriority ept vpid fsgsbase smep erms
bogomips	: 5187.95
clflush size	: 64
cache_alignment	: 64
address sizes	: 36 bits physical, 48 bits virtual
power management:



Memory: 4k page, physical 8047236k(6121348k free), swap 8259580k(8259580k free)

vm_info: Java HotSpot(TM) 64-Bit Server VM (25.45-b02) for linux-amd64 JRE (1.8.0_45-b14), built on Apr 10 2015 10:07:45 by "java_re" with gcc 4.3.0 20080428 (Red Hat 4.3.0-8)

time: Sun Apr 26 10:33:32 2015
elapsed time: 41 seconds (0d 0h 0m 41s)

