#
# A fatal error has been detected by the Java Runtime Environment:
#
#  SIGSEGV (0xb) at pc=0x00007fe6c729353a, pid=3891, tid=140628679960320
#
# JRE version: Java(TM) SE Runtime Environment (8.0_45-b14) (build 1.8.0_45-b14)
# Java VM: Java HotSpot(TM) 64-Bit Server VM (25.45-b02 mixed mode linux-amd64 compressed oops)
# Problematic frame:
# V  [libjvm.so+0xa9f53a]  interpretedVFrame::monitors() const+0x1ea
#
# Failed to write core dump. Core dumps have been disabled. To enable core dumping, try "ulimit -c unlimited" before starting Java again
#
# If you would like to submit a bug report, please visit:
#   http://bugreport.java.com/bugreport/crash.jsp
#

---------------  T H R E A D  ---------------

Current thread (0x00007fe6c00c4800):  JavaThread "JDWP Transport Listener: dt_socket" daemon [_thread_in_vm, id=3910, stack(0x00007fe6aa73a000,0x00007fe6aa83b000)]

siginfo: si_signo: 11 (SIGSEGV), si_code: 2 (SEGV_ACCERR), si_addr: 0x00007fe6c82bfff8

Registers:
RAX=0x00000000d869d608, RBX=0x00007fe66c0e8cf0, RCX=0x00007fe6c81b4320, RDX=0x000000000000fc8e
RSP=0x00007fe6aa838fc0, RBP=0x00007fe6aa8390c0, RSI=0x0000000000000000, RDI=0x0000000000000020
R8 =0x0000000000000002, R9 =0x000000000033b000, R10=0x00007fe688000078, R11=0x0000000088000001
R12=0x0000000000000000, R13=0x00007fe68833bf60, R14=0x00007fe66c0e86f0, R15=0x00007fe6c82bfff0
RIP=0x00007fe6c729353a, EFLAGS=0x0000000000010246, CSGSFS=0x0000000000000033, ERR=0x0000000000000004
  TRAPNO=0x000000000000000e

Top of Stack: (sp=0x00007fe6aa838fc0)
0x00007fe6aa838fc0:   00007fe6aa838fd0 00007fe6aa839000
0x00007fe6aa838fd0:   00007fe6c83bc880 00007fe6b1007a50
0x00007fe6aa838fe0:   00007fe6b10055d0 00007fe600000000
0x00007fe6aa838ff0:   00007fe6c83bc930 00007fe6c83bc8f0
0x00007fe6aa839000:   00007fe6c83bc880 00007fe6b1007a50
0x00007fe6aa839010:   00007fe6b10055d0 00007fe600000000
0x00007fe6aa839020:   00007fe6c83bc930 00007fe6c83bc8f0
0x00007fe6aa839030:   00007fe6c83bc880 00007fe6b1007a50
0x00007fe6aa839040:   00007fe6b10055d0 00007fe600000000
0x00007fe6aa839050:   00007fe6c83bc930 00007fe6c83bc8f0
0x00007fe6aa839060:   00007fe6c83bc880 00007fe6b1007a50
0x00007fe6aa839070:   00007fe6b10055d0 00007fe600000000
0x00007fe6aa839080:   00007fe6c83bc930 00007fe6c83bc8f0
0x00007fe6aa839090:   00000000d853b9d8 0000000000000000
0x00007fe6aa8390a0:   00007fe6c000c000 00007fe6880039d0
0x00007fe6aa8390b0:   00007fe6c774d028 00007fe6c00bd0b0
0x00007fe6aa8390c0:   00007fe6aa8391a0 00007fe6c6f73db6
0x00007fe6aa8390d0:   00000000d851fc68 00000000d851c608
0x00007fe6aa8390e0:   00000001d8519290 00007fe6c00c4800
0x00007fe6aa8390f0:   0000000000000000 0000000000000000
0x00007fe6aa839100:   00000000d8504000 00000000000083b0
0x00007fe6aa839110:   00007fe6c00bd0b0 00007fe66c0f00c8
0x00007fe6aa839120:   00007fe66c0e8cf0 00007fe66c0e80e0
0x00007fe6aa839130:   00007fe6b10055d0 00007fe600000000
0x00007fe6aa839140:   00007fe6c83bc930 00007fe6c83bc8f0
0x00007fe6aa839150:   00007fe6c83bc830 0000000000000001
0x00007fe6aa839160:   00007fe66c0e80f0 0000000000000000
0x00007fe6aa839170:   00007fe6c774d028 0000000000000001
0x00007fe6aa839180:   00007fe66c0e86f0 0000000000000000
0x00007fe6aa839190:   00007fe6c774d028 00007fe6c00bd0b0
0x00007fe6aa8391a0:   00007fe6aa839860 00007fe6c6f755fc
0x00007fe6aa8391b0:   00007fe6aa839201 00007fe6aa8397c0 

Instructions: (pc=0x00007fe6c729353a)
0x00007fe6c729351a:   49 8b 46 30 48 89 85 68 ff ff ff e8 86 81 ae ff
0x00007fe6c729352a:   49 39 c7 0f 82 dd 00 00 00 31 f6 bf 20 00 00 00
0x00007fe6c729353a:   4d 8b 67 08 e8 3d 97 ef ff 48 85 c0 49 89 c5 74
0x00007fe6c729354a:   17 4c 89 20 48 c7 40 10 00 00 00 00 4c 89 78 08 

Register to memory mapping:

RAX=0x00000000d869d608 is an oop
java.lang.IndexOutOfBoundsException 
 - klass: 'java/lang/IndexOutOfBoundsException'
RBX=0x00007fe66c0e8cf0 is an unknown value
RCX=0x00007fe6c81b4320: <offset 0x219320> in /lib/x86_64-linux-gnu/libpthread.so.0 at 0x00007fe6c7f9b000
RDX=0x000000000000fc8e is an unknown value
RSP=0x00007fe6aa838fc0 is pointing into the stack for thread: 0x00007fe6c00c4800
RBP=0x00007fe6aa8390c0 is pointing into the stack for thread: 0x00007fe6c00c4800
RSI=0x0000000000000000 is an unknown value
RDI=0x0000000000000020 is an unknown value
R8 =0x0000000000000002 is an unknown value
R9 =0x000000000033b000 is an unknown value
R10=0x00007fe688000078 is an unknown value
R11=
[error occurred during error reporting (printing register info), id 0xb]

Stack: [0x00007fe6aa73a000,0x00007fe6aa83b000],  sp=0x00007fe6aa838fc0,  free space=1019k
Native frames: (J=compiled Java code, j=interpreted, Vv=VM code, C=native code)
V  [libjvm.so+0xa9f53a]  interpretedVFrame::monitors() const+0x1ea
V  [libjvm.so+0x77fdb6]  JvmtiEnvBase::get_locked_objects_in_frame(JavaThread*, JavaThread*, javaVFrame*, GrowableArray<_jvmtiMonitorStackDepthInfo*>*, int)+0x86
V  [libjvm.so+0x7815fc]  JvmtiEnvBase::get_owned_monitors(JavaThread*, JavaThread*, GrowableArray<_jvmtiMonitorStackDepthInfo*>*)+0x10c
V  [libjvm.so+0x775780]  JvmtiEnv::GetOwnedMonitorInfo(JavaThread*, int*, _jobject***)+0xe0
V  [libjvm.so+0x737701]  jvmti_GetOwnedMonitorInfo+0x2f1
C  [libjdwp.so+0xa370]  ownedMonitors+0xd0
C  [libjdwp.so+0x119c6]  debugLoop_run+0x2b6
C  [libjdwp.so+0x247ff]  attachThread+0x2f
V  [libjvm.so+0x797102]  JvmtiAgentThread::call_start_function()+0xc2
V  [libjvm.so+0xa5c86f]  JavaThread::thread_main_inner()+0xdf
V  [libjvm.so+0xa5c99c]  JavaThread::run()+0x11c
V  [libjvm.so+0x910de8]  java_start(Thread*)+0x108
C  [libpthread.so.0+0x8182]  start_thread+0xc2


---------------  P R O C E S S  ---------------

Java Threads: ( => current thread )
  0x00007fe6c00d4000 JavaThread "Service Thread" daemon [_thread_blocked, id=3923, stack(0x00007fe6aa134000,0x00007fe6aa235000)]
  0x00007fe6c00cf000 JavaThread "C1 CompilerThread2" daemon [_thread_blocked, id=3922, stack(0x00007fe6aa235000,0x00007fe6aa336000)]
  0x00007fe6c00cd000 JavaThread "C2 CompilerThread1" daemon [_thread_blocked, id=3920, stack(0x00007fe6aa336000,0x00007fe6aa437000)]
  0x00007fe6c00ca000 JavaThread "C2 CompilerThread0" daemon [_thread_blocked, id=3918, stack(0x00007fe6aa437000,0x00007fe6aa538000)]
  0x00007fe688001000 JavaThread "JDWP Command Reader" daemon [_thread_in_native, id=3914, stack(0x00007fe6aa538000,0x00007fe6aa639000)]
  0x00007fe6c00c8000 JavaThread "JDWP Event Helper Thread" daemon [_thread_blocked, id=3913, stack(0x00007fe6aa639000,0x00007fe6aa73a000)]
=>0x00007fe6c00c4800 JavaThread "JDWP Transport Listener: dt_socket" daemon [_thread_in_vm, id=3910, stack(0x00007fe6aa73a000,0x00007fe6aa83b000)]
  0x00007fe6c00b8000 JavaThread "Signal Dispatcher" daemon [_thread_blocked, id=3908, stack(0x00007fe6aaa3f000,0x00007fe6aab40000)]
  0x00007fe6c0081000 JavaThread "Finalizer" daemon [_thread_blocked, id=3903, stack(0x00007fe6aab40000,0x00007fe6aac41000)]
  0x00007fe6c007f000 JavaThread "Reference Handler" daemon [_thread_blocked, id=3902, stack(0x00007fe6aac41000,0x00007fe6aad42000)]
  0x00007fe6c000c000 JavaThread "main" [_thread_blocked, id=3892, stack(0x00007fe6c82bd000,0x00007fe6c83be000)]

Other Threads:
  0x00007fe6c007a000 VMThread [stack: 0x00007fe6aad42000,0x00007fe6aae43000] [id=3900]
  0x00007fe6c00d6800 WatcherThread [stack: 0x00007fe6aa033000,0x00007fe6aa134000] [id=3924]

VM state:not at safepoint (normal execution)

VM Mutex/Monitor currently owned by a thread: None

Heap:
 PSYoungGen      total 36864K, used 22998K [0x00000000d7100000, 0x00000000d9a00000, 0x0000000100000000)
  eden space 31744K, 72% used [0x00000000d7100000,0x00000000d8775a60,0x00000000d9000000)
  from space 5120K, 0% used [0x00000000d9500000,0x00000000d9500000,0x00000000d9a00000)
  to   space 5120K, 0% used [0x00000000d9000000,0x00000000d9000000,0x00000000d9500000)
 ParOldGen       total 84992K, used 0K [0x0000000085200000, 0x000000008a500000, 0x00000000d7100000)
  object space 84992K, 0% used [0x0000000085200000,0x0000000085200000,0x000000008a500000)
 Metaspace       used 9168K, capacity 9330K, committed 9600K, reserved 1058816K
  class space    used 1015K, capacity 1095K, committed 1152K, reserved 1048576K

Card table byte_map: [0x00007fe6c406b000,0x00007fe6c4443000] byte_map_base: 0x00007fe6c3c42000

Marking Bits: (ParMarkBitMap*) 0x00007fe6c7791760
 Begin Bits: [0x00007fe6acbfc000, 0x00007fe6aeab4000)
 End Bits:   [0x00007fe6aeab4000, 0x00007fe6b096c000)

Polling page: 0x00007fe6c83d8000

CodeCache: size=245760Kb used=3563Kb max_used=3563Kb free=242196Kb
 bounds [0x00007fe6b1000000, 0x00007fe6b1380000, 0x00007fe6c0000000]
 total_blobs=1301 nmethods=975 adapters=248
 compilation: enabled

Compilation events (10 events):
Event: 5,837 Thread 0x00007fe6c00cf000  971       3       java.util.regex.Pattern$BranchConn::<init> (5 bytes)
Event: 5,837 Thread 0x00007fe6c00cf000 nmethod 971 0x00007fe6b1377510 code [0x00007fe6b1377680, 0x00007fe6b13778b0]
Event: 5,837 Thread 0x00007fe6c00cf000  972       3       java.util.regex.Pattern$Branch::<init> (37 bytes)
Event: 5,837 Thread 0x00007fe6c00cf000 nmethod 972 0x00007fe6b137a610 code [0x00007fe6b137a7a0, 0x00007fe6b137acf0]
Event: 5,840 Thread 0x00007fe6c00cf000  973       3       java.util.ArrayList::<init> (12 bytes)
Event: 5,840 Thread 0x00007fe6c00cf000 nmethod 973 0x00007fe6b1376fd0 code [0x00007fe6b1377140, 0x00007fe6b13773d0]
Event: 5,840 Thread 0x00007fe6c00cf000  974       1       org.jsoup.nodes.Node::siblingIndex (5 bytes)
Event: 5,840 Thread 0x00007fe6c00cf000 nmethod 974 0x00007fe6b137aed0 code [0x00007fe6b137b020, 0x00007fe6b137b130]
Event: 5,840 Thread 0x00007fe6c00cf000  975       3       org.jsoup.nodes.Node::nextSibling (62 bytes)
Event: 5,841 Thread 0x00007fe6c00cf000 nmethod 975 0x00007fe6b137b190 code [0x00007fe6b137b380, 0x00007fe6b137bda8]

GC Heap History (0 events):
No events

Deoptimization events (7 events):
Event: 3,978 Thread 0x00007fe6c000c000 Uncommon trap: reason=unstable_if action=reinterpret pc=0x00007fe6b119d988 method=java.io.ByteArrayInputStream.read()I @ 8
Event: 3,996 Thread 0x00007fe6c000c000 Uncommon trap: reason=unstable_if action=reinterpret pc=0x00007fe6b116d6f4 method=java.lang.CharacterDataLatin1.digit(II)I @ 82
Event: 4,116 Thread 0x00007fe6c000c000 Uncommon trap: reason=unstable_if action=reinterpret pc=0x00007fe6b116b6f4 method=java.lang.CharacterDataLatin1.digit(II)I @ 82
Event: 4,568 Thread 0x00007fe6c000c000 Uncommon trap: reason=class_check action=maybe_recompile pc=0x00007fe6b12207ec method=java.util.HashMap.putVal(ILjava/lang/Object;Ljava/lang/Object;ZZ)Ljava/lang/Object; @ 203
Event: 4,572 Thread 0x00007fe6c000c000 Uncommon trap: reason=class_check action=maybe_recompile pc=0x00007fe6b1220820 method=java.util.HashMap.putVal(ILjava/lang/Object;Ljava/lang/Object;ZZ)Ljava/lang/Object; @ 91
Event: 4,575 Thread 0x00007fe6c000c000 Uncommon trap: reason=class_check action=maybe_recompile pc=0x00007fe6b1220820 method=java.util.HashMap.putVal(ILjava/lang/Object;Ljava/lang/Object;ZZ)Ljava/lang/Object; @ 91
Event: 5,774 Thread 0x00007fe6c000c000 Uncommon trap: reason=class_check action=maybe_recompile pc=0x00007fe6b1220820 method=java.util.HashMap.putVal(ILjava/lang/Object;Ljava/lang/Object;ZZ)Ljava/lang/Object; @ 91

Internal exceptions (8 events):
Event: 0,048 Thread 0x00007fe6c000c000 Exception <a 'java/lang/NoSuchMethodError': Method sun.misc.Unsafe.defineClass(Ljava/lang/String;[BII)Ljava/lang/Class; name or signature does not match> (0x00000000d7112a38) thrown at [/RE-WORK/workspace/8-2-build-linux-amd64/jdk8u45/3457/hotspot/src/sha
Event: 0,048 Thread 0x00007fe6c000c000 Exception <a 'java/lang/NoSuchMethodError': Method sun.misc.Unsafe.prefetchRead(Ljava/lang/Object;J)V name or signature does not match> (0x00000000d7112cc8) thrown at [/RE-WORK/workspace/8-2-build-linux-amd64/jdk8u45/3457/hotspot/src/share/vm/prims/jni.cp
Event: 3,972 Thread 0x00007fe6c000c000 Exception <a 'java/security/PrivilegedActionException'> (0x00000000d787f4c0) thrown at [/RE-WORK/workspace/8-2-build-linux-amd64/jdk8u45/3457/hotspot/src/share/vm/prims/jvm.cpp, line 1382]
Event: 3,972 Thread 0x00007fe6c000c000 Exception <a 'java/security/PrivilegedActionException'> (0x00000000d787f808) thrown at [/RE-WORK/workspace/8-2-build-linux-amd64/jdk8u45/3457/hotspot/src/share/vm/prims/jvm.cpp, line 1382]
Event: 4,543 Thread 0x00007fe6c000c000 Exception <a 'java/lang/NoSuchFieldError': method resolution failed> (0x00000000d81282e0) thrown at [/RE-WORK/workspace/8-2-build-linux-amd64/jdk8u45/3457/hotspot/src/share/vm/prims/methodHandles.cpp, line 1125]
Event: 4,555 Thread 0x00007fe6c000c000 Exception <a 'java/lang/NoSuchFieldError': method resolution failed> (0x00000000d8136cc0) thrown at [/RE-WORK/workspace/8-2-build-linux-amd64/jdk8u45/3457/hotspot/src/share/vm/prims/methodHandles.cpp, line 1125]
Event: 5,773 Thread 0x00007fe6c000c000 Exception <a 'java/security/PrivilegedActionException'> (0x00000000d8433930) thrown at [/RE-WORK/workspace/8-2-build-linux-amd64/jdk8u45/3457/hotspot/src/share/vm/prims/jvm.cpp, line 1382]
Event: 5,773 Thread 0x00007fe6c000c000 Exception <a 'java/security/PrivilegedActionException'> (0x00000000d8433ae8) thrown at [/RE-WORK/workspace/8-2-build-linux-amd64/jdk8u45/3457/hotspot/src/share/vm/prims/jvm.cpp, line 1382]

Events (10 events):
Event: 25,192 Executing VM operation: ChangeBreakpoints
Event: 25,192 Executing VM operation: ChangeBreakpoints done
Event: 25,193 Executing VM operation: EnterInterpOnlyMode
Event: 25,193 Executing VM operation: EnterInterpOnlyMode done
Event: 25,193 Executing VM operation: GetCurrentLocation
Event: 25,193 Executing VM operation: GetCurrentLocation done
Event: 25,193 Executing VM operation: ChangeSingleStep
Event: 25,193 Executing VM operation: ChangeSingleStep done
Event: 25,194 Executing VM operation: ChangeSingleStep
Event: 25,194 Executing VM operation: ChangeSingleStep done


Dynamic libraries:
00400000-00401000 r-xp 00000000 08:0a 1058376                            /usr/lib/jvm/java-8-oracle/bin/java
00600000-00601000 rw-p 00000000 08:0a 1058376                            /usr/lib/jvm/java-8-oracle/bin/java
018a9000-018ca000 rw-p 00000000 00:00 0                                  [heap]
85200000-8a500000 rw-p 00000000 00:00 0 
8a500000-d7100000 ---p 00000000 00:00 0 
d7100000-d9a00000 rw-p 00000000 00:00 0 
d9a00000-100000000 ---p 00000000 00:00 0 
100000000-100120000 rw-p 00000000 00:00 0 
100120000-140000000 ---p 00000000 00:00 0 
7fe664000000-7fe664021000 rw-p 00000000 00:00 0 
7fe664021000-7fe668000000 ---p 00000000 00:00 0 
7fe668000000-7fe668021000 rw-p 00000000 00:00 0 
7fe668021000-7fe66c000000 ---p 00000000 00:00 0 
7fe66c000000-7fe66c26d000 rw-p 00000000 00:00 0 
7fe66c26d000-7fe670000000 ---p 00000000 00:00 0 
7fe670000000-7fe670021000 rw-p 00000000 00:00 0 
7fe670021000-7fe674000000 ---p 00000000 00:00 0 
7fe674000000-7fe6741e1000 rw-p 00000000 00:00 0 
7fe6741e1000-7fe678000000 ---p 00000000 00:00 0 
7fe678000000-7fe67816a000 rw-p 00000000 00:00 0 
7fe67816a000-7fe67c000000 ---p 00000000 00:00 0 
7fe67c000000-7fe67c021000 rw-p 00000000 00:00 0 
7fe67c021000-7fe680000000 ---p 00000000 00:00 0 
7fe680000000-7fe680021000 rw-p 00000000 00:00 0 
7fe680021000-7fe684000000 ---p 00000000 00:00 0 
7fe684000000-7fe684021000 rw-p 00000000 00:00 0 
7fe684021000-7fe688000000 ---p 00000000 00:00 0 
7fe688000000-7fe6885de000 rw-p 00000000 00:00 0 
7fe6885de000-7fe68c000000 ---p 00000000 00:00 0 
7fe68c000000-7fe68c021000 rw-p 00000000 00:00 0 
7fe68c021000-7fe690000000 ---p 00000000 00:00 0 
7fe690000000-7fe690021000 rw-p 00000000 00:00 0 
7fe690021000-7fe694000000 ---p 00000000 00:00 0 
7fe694000000-7fe694021000 rw-p 00000000 00:00 0 
7fe694021000-7fe698000000 ---p 00000000 00:00 0 
7fe698000000-7fe698021000 rw-p 00000000 00:00 0 
7fe698021000-7fe69c000000 ---p 00000000 00:00 0 
7fe69c000000-7fe69c021000 rw-p 00000000 00:00 0 
7fe69c021000-7fe6a0000000 ---p 00000000 00:00 0 
7fe6a0000000-7fe6a0021000 rw-p 00000000 00:00 0 
7fe6a0021000-7fe6a4000000 ---p 00000000 00:00 0 
7fe6a4000000-7fe6a4021000 rw-p 00000000 00:00 0 
7fe6a4021000-7fe6a8000000 ---p 00000000 00:00 0 
7fe6a909a000-7fe6a90da000 rw-p 00000000 00:00 0 
7fe6a90da000-7fe6a929d000 ---p 00000000 00:00 0 
7fe6a929d000-7fe6a939b000 rw-p 00000000 00:00 0 
7fe6a939b000-7fe6a93b1000 r-xp 00000000 08:0a 3018841                    /lib/x86_64-linux-gnu/libgcc_s.so.1
7fe6a93b1000-7fe6a95b0000 ---p 00016000 08:0a 3018841                    /lib/x86_64-linux-gnu/libgcc_s.so.1
7fe6a95b0000-7fe6a95b1000 rw-p 00015000 08:0a 3018841                    /lib/x86_64-linux-gnu/libgcc_s.so.1
7fe6a95b1000-7fe6a95e3000 r-xp 00000000 08:0a 1476979                    /usr/lib/jvm/java-8-oracle/jre/lib/amd64/libsunec.so
7fe6a95e3000-7fe6a97e2000 ---p 00032000 08:0a 1476979                    /usr/lib/jvm/java-8-oracle/jre/lib/amd64/libsunec.so
7fe6a97e2000-7fe6a97e8000 rw-p 00031000 08:0a 1476979                    /usr/lib/jvm/java-8-oracle/jre/lib/amd64/libsunec.so
7fe6a97e8000-7fe6a97f8000 rw-p 00000000 00:00 0 
7fe6a97f8000-7fe6a980f000 r-xp 00000000 08:0a 3014661                    /lib/x86_64-linux-gnu/libresolv-2.19.so
7fe6a980f000-7fe6a9a0f000 ---p 00017000 08:0a 3014661                    /lib/x86_64-linux-gnu/libresolv-2.19.so
7fe6a9a0f000-7fe6a9a10000 r--p 00017000 08:0a 3014661                    /lib/x86_64-linux-gnu/libresolv-2.19.so
7fe6a9a10000-7fe6a9a11000 rw-p 00018000 08:0a 3014661                    /lib/x86_64-linux-gnu/libresolv-2.19.so
7fe6a9a11000-7fe6a9a13000 rw-p 00000000 00:00 0 
7fe6a9a13000-7fe6a9a18000 r-xp 00000000 08:0a 3014685                    /lib/x86_64-linux-gnu/libnss_dns-2.19.so
7fe6a9a18000-7fe6a9c17000 ---p 00005000 08:0a 3014685                    /lib/x86_64-linux-gnu/libnss_dns-2.19.so
7fe6a9c17000-7fe6a9c18000 r--p 00004000 08:0a 3014685                    /lib/x86_64-linux-gnu/libnss_dns-2.19.so
7fe6a9c18000-7fe6a9c19000 rw-p 00005000 08:0a 3014685                    /lib/x86_64-linux-gnu/libnss_dns-2.19.so
7fe6a9c19000-7fe6a9c1b000 r-xp 00000000 08:0a 3018895                    /lib/x86_64-linux-gnu/libnss_mdns4_minimal.so.2
7fe6a9c1b000-7fe6a9e1a000 ---p 00002000 08:0a 3018895                    /lib/x86_64-linux-gnu/libnss_mdns4_minimal.so.2
7fe6a9e1a000-7fe6a9e1b000 r--p 00001000 08:0a 3018895                    /lib/x86_64-linux-gnu/libnss_mdns4_minimal.so.2
7fe6a9e1b000-7fe6a9e1c000 rw-p 00002000 08:0a 3018895                    /lib/x86_64-linux-gnu/libnss_mdns4_minimal.so.2
7fe6a9e1c000-7fe6a9e32000 r-xp 00000000 08:0a 1476927                    /usr/lib/jvm/java-8-oracle/jre/lib/amd64/libnet.so
7fe6a9e32000-7fe6aa032000 ---p 00016000 08:0a 1476927                    /usr/lib/jvm/java-8-oracle/jre/lib/amd64/libnet.so
7fe6aa032000-7fe6aa033000 rw-p 00016000 08:0a 1476927                    /usr/lib/jvm/java-8-oracle/jre/lib/amd64/libnet.so
7fe6aa033000-7fe6aa034000 ---p 00000000 00:00 0 
7fe6aa034000-7fe6aa134000 rw-p 00000000 00:00 0                          [stack:3924]
7fe6aa134000-7fe6aa137000 ---p 00000000 00:00 0 
7fe6aa137000-7fe6aa235000 rw-p 00000000 00:00 0                          [stack:3923]
7fe6aa235000-7fe6aa238000 ---p 00000000 00:00 0 
7fe6aa238000-7fe6aa336000 rw-p 00000000 00:00 0                          [stack:3922]
7fe6aa336000-7fe6aa339000 ---p 00000000 00:00 0 
7fe6aa339000-7fe6aa437000 rw-p 00000000 00:00 0                          [stack:3920]
7fe6aa437000-7fe6aa43a000 ---p 00000000 00:00 0 
7fe6aa43a000-7fe6aa538000 rw-p 00000000 00:00 0                          [stack:3918]
7fe6aa538000-7fe6aa53b000 ---p 00000000 00:00 0 
7fe6aa53b000-7fe6aa639000 rw-p 00000000 00:00 0                          [stack:3914]
7fe6aa639000-7fe6aa63c000 ---p 00000000 00:00 0 
7fe6aa63c000-7fe6aa73a000 rw-p 00000000 00:00 0                          [stack:3913]
7fe6aa73a000-7fe6aa73d000 ---p 00000000 00:00 0 
7fe6aa73d000-7fe6aa83b000 rw-p 00000000 00:00 0                          [stack:3910]
7fe6aa83b000-7fe6aa83f000 r-xp 00000000 08:0a 1477003                    /usr/lib/jvm/java-8-oracle/jre/lib/amd64/libdt_socket.so
7fe6aa83f000-7fe6aaa3e000 ---p 00004000 08:0a 1477003                    /usr/lib/jvm/java-8-oracle/jre/lib/amd64/libdt_socket.so
7fe6aaa3e000-7fe6aaa3f000 rw-p 00003000 08:0a 1477003                    /usr/lib/jvm/java-8-oracle/jre/lib/amd64/libdt_socket.so
7fe6aaa3f000-7fe6aaa42000 ---p 00000000 00:00 0 
7fe6aaa42000-7fe6aab40000 rw-p 00000000 00:00 0                          [stack:3908]
7fe6aab40000-7fe6aab43000 ---p 00000000 00:00 0 
7fe6aab43000-7fe6aac41000 rw-p 00000000 00:00 0                          [stack:3903]
7fe6aac41000-7fe6aac44000 ---p 00000000 00:00 0 
7fe6aac44000-7fe6aad42000 rw-p 00000000 00:00 0                          [stack:3902]
7fe6aad42000-7fe6aad43000 ---p 00000000 00:00 0 
7fe6aad43000-7fe6abdd6000 rw-p 00000000 00:00 0                          [stack:3900]
7fe6abdd6000-7fe6abfaf000 r--s 03d09000 08:0a 1058712                    /usr/lib/jvm/java-8-oracle/jre/lib/rt.jar
7fe6abfaf000-7fe6b096c000 rw-p 00000000 00:00 0 
7fe6b096c000-7fe6b096d000 ---p 00000000 00:00 0 
7fe6b096d000-7fe6b0a6d000 rw-p 00000000 00:00 0                          [stack:3896]
7fe6b0a6d000-7fe6b0a6e000 ---p 00000000 00:00 0 
7fe6b0a6e000-7fe6b0b6e000 rw-p 00000000 00:00 0                          [stack:3895]
7fe6b0b6e000-7fe6b0b6f000 ---p 00000000 00:00 0 
7fe6b0b6f000-7fe6b0c6f000 rw-p 00000000 00:00 0                          [stack:3894]
7fe6b0c6f000-7fe6b0c70000 ---p 00000000 00:00 0 
7fe6b0c70000-7fe6b0d9a000 rw-p 00000000 00:00 0                          [stack:3893]
7fe6b0d9a000-7fe6b1000000 ---p 00000000 00:00 0 
7fe6b1000000-7fe6b1380000 rwxp 00000000 00:00 0 
7fe6b1380000-7fe6c0000000 ---p 00000000 00:00 0 
7fe6c0000000-7fe6c03c2000 rw-p 00000000 00:00 0 
7fe6c03c2000-7fe6c4000000 ---p 00000000 00:00 0 
7fe6c4009000-7fe6c401c000 r--s 00344000 08:0a 1058754                    /usr/lib/jvm/java-8-oracle/jre/lib/resources.jar
7fe6c401c000-7fe6c4095000 rw-p 00000000 00:00 0 
7fe6c4095000-7fe6c42fa000 ---p 00000000 00:00 0 
7fe6c42fa000-7fe6c430f000 rw-p 00000000 00:00 0 
7fe6c430f000-7fe6c4442000 ---p 00000000 00:00 0 
7fe6c4442000-7fe6c4451000 rw-p 00000000 00:00 0 
7fe6c4451000-7fe6c4803000 ---p 00000000 00:00 0 
7fe6c4803000-7fe6c481d000 r-xp 00000000 08:0a 1476989                    /usr/lib/jvm/java-8-oracle/jre/lib/amd64/libzip.so
7fe6c481d000-7fe6c4a1d000 ---p 0001a000 08:0a 1476989                    /usr/lib/jvm/java-8-oracle/jre/lib/amd64/libzip.so
7fe6c4a1d000-7fe6c4a1e000 rw-p 0001a000 08:0a 1476989                    /usr/lib/jvm/java-8-oracle/jre/lib/amd64/libzip.so
7fe6c4a1e000-7fe6c4a29000 r-xp 00000000 08:0a 3014675                    /lib/x86_64-linux-gnu/libnss_files-2.19.so
7fe6c4a29000-7fe6c4c28000 ---p 0000b000 08:0a 3014675                    /lib/x86_64-linux-gnu/libnss_files-2.19.so
7fe6c4c28000-7fe6c4c29000 r--p 0000a000 08:0a 3014675                    /lib/x86_64-linux-gnu/libnss_files-2.19.so
7fe6c4c29000-7fe6c4c2a000 rw-p 0000b000 08:0a 3014675                    /lib/x86_64-linux-gnu/libnss_files-2.19.so
7fe6c4c2a000-7fe6c4c35000 r-xp 00000000 08:0a 3018743                    /lib/x86_64-linux-gnu/libnss_nis-2.19.so
7fe6c4c35000-7fe6c4e34000 ---p 0000b000 08:0a 3018743                    /lib/x86_64-linux-gnu/libnss_nis-2.19.so
7fe6c4e34000-7fe6c4e35000 r--p 0000a000 08:0a 3018743                    /lib/x86_64-linux-gnu/libnss_nis-2.19.so
7fe6c4e35000-7fe6c4e36000 rw-p 0000b000 08:0a 3018743                    /lib/x86_64-linux-gnu/libnss_nis-2.19.so
7fe6c4e36000-7fe6c4e4d000 r-xp 00000000 08:0a 3014750                    /lib/x86_64-linux-gnu/libnsl-2.19.so
7fe6c4e4d000-7fe6c504c000 ---p 00017000 08:0a 3014750                    /lib/x86_64-linux-gnu/libnsl-2.19.so
7fe6c504c000-7fe6c504d000 r--p 00016000 08:0a 3014750                    /lib/x86_64-linux-gnu/libnsl-2.19.so
7fe6c504d000-7fe6c504e000 rw-p 00017000 08:0a 3014750                    /lib/x86_64-linux-gnu/libnsl-2.19.so
7fe6c504e000-7fe6c5050000 rw-p 00000000 00:00 0 
7fe6c5050000-7fe6c5059000 r-xp 00000000 08:0a 3014749                    /lib/x86_64-linux-gnu/libnss_compat-2.19.so
7fe6c5059000-7fe6c5258000 ---p 00009000 08:0a 3014749                    /lib/x86_64-linux-gnu/libnss_compat-2.19.so
7fe6c5258000-7fe6c5259000 r--p 00008000 08:0a 3014749                    /lib/x86_64-linux-gnu/libnss_compat-2.19.so
7fe6c5259000-7fe6c525a000 rw-p 00009000 08:0a 3014749                    /lib/x86_64-linux-gnu/libnss_compat-2.19.so
7fe6c525a000-7fe6c5a6e000 r--p 00000000 08:0a 401229                     /usr/lib/locale/locale-archive
7fe6c5a6e000-7fe6c5a70000 r-xp 00000000 08:0a 1476947                    /usr/lib/jvm/java-8-oracle/jre/lib/amd64/libnpt.so
7fe6c5a70000-7fe6c5c70000 ---p 00002000 08:0a 1476947                    /usr/lib/jvm/java-8-oracle/jre/lib/amd64/libnpt.so
7fe6c5c70000-7fe6c5c71000 rw-p 00002000 08:0a 1476947                    /usr/lib/jvm/java-8-oracle/jre/lib/amd64/libnpt.so
7fe6c5c71000-7fe6c5caa000 r-xp 00000000 08:0a 1477013                    /usr/lib/jvm/java-8-oracle/jre/lib/amd64/libjdwp.so
7fe6c5caa000-7fe6c5ea9000 ---p 00039000 08:0a 1477013                    /usr/lib/jvm/java-8-oracle/jre/lib/amd64/libjdwp.so
7fe6c5ea9000-7fe6c5eab000 rw-p 00038000 08:0a 1477013                    /usr/lib/jvm/java-8-oracle/jre/lib/amd64/libjdwp.so
7fe6c5eab000-7fe6c5ed5000 r-xp 00000000 08:0a 1476953                    /usr/lib/jvm/java-8-oracle/jre/lib/amd64/libjava.so
7fe6c5ed5000-7fe6c60d5000 ---p 0002a000 08:0a 1476953                    /usr/lib/jvm/java-8-oracle/jre/lib/amd64/libjava.so
7fe6c60d5000-7fe6c60d7000 rw-p 0002a000 08:0a 1476953                    /usr/lib/jvm/java-8-oracle/jre/lib/amd64/libjava.so
7fe6c60d7000-7fe6c60e4000 r-xp 00000000 08:0a 1476969                    /usr/lib/jvm/java-8-oracle/jre/lib/amd64/libverify.so
7fe6c60e4000-7fe6c62e4000 ---p 0000d000 08:0a 1476969                    /usr/lib/jvm/java-8-oracle/jre/lib/amd64/libverify.so
7fe6c62e4000-7fe6c62e6000 rw-p 0000d000 08:0a 1476969                    /usr/lib/jvm/java-8-oracle/jre/lib/amd64/libverify.so
7fe6c62e6000-7fe6c62ed000 r-xp 00000000 08:0a 3014758                    /lib/x86_64-linux-gnu/librt-2.19.so
7fe6c62ed000-7fe6c64ec000 ---p 00007000 08:0a 3014758                    /lib/x86_64-linux-gnu/librt-2.19.so
7fe6c64ec000-7fe6c64ed000 r--p 00006000 08:0a 3014758                    /lib/x86_64-linux-gnu/librt-2.19.so
7fe6c64ed000-7fe6c64ee000 rw-p 00007000 08:0a 3014758                    /lib/x86_64-linux-gnu/librt-2.19.so
7fe6c64ee000-7fe6c65f3000 r-xp 00000000 08:0a 3014671                    /lib/x86_64-linux-gnu/libm-2.19.so
7fe6c65f3000-7fe6c67f2000 ---p 00105000 08:0a 3014671                    /lib/x86_64-linux-gnu/libm-2.19.so
7fe6c67f2000-7fe6c67f3000 r--p 00104000 08:0a 3014671                    /lib/x86_64-linux-gnu/libm-2.19.so
7fe6c67f3000-7fe6c67f4000 rw-p 00105000 08:0a 3014671                    /lib/x86_64-linux-gnu/libm-2.19.so
7fe6c67f4000-7fe6c74a2000 r-xp 00000000 08:0a 1972912                    /usr/lib/jvm/java-8-oracle/jre/lib/amd64/server/libjvm.so
7fe6c74a2000-7fe6c76a1000 ---p 00cae000 08:0a 1972912                    /usr/lib/jvm/java-8-oracle/jre/lib/amd64/server/libjvm.so
7fe6c76a1000-7fe6c7778000 rw-p 00cad000 08:0a 1972912                    /usr/lib/jvm/java-8-oracle/jre/lib/amd64/server/libjvm.so
7fe6c7778000-7fe6c77bc000 rw-p 00000000 00:00 0 
7fe6c77bc000-7fe6c7977000 r-xp 00000000 08:0a 3014755                    /lib/x86_64-linux-gnu/libc-2.19.so
7fe6c7977000-7fe6c7b76000 ---p 001bb000 08:0a 3014755                    /lib/x86_64-linux-gnu/libc-2.19.so
7fe6c7b76000-7fe6c7b7a000 r--p 001ba000 08:0a 3014755                    /lib/x86_64-linux-gnu/libc-2.19.so
7fe6c7b7a000-7fe6c7b7c000 rw-p 001be000 08:0a 3014755                    /lib/x86_64-linux-gnu/libc-2.19.so
7fe6c7b7c000-7fe6c7b81000 rw-p 00000000 00:00 0 
7fe6c7b81000-7fe6c7b84000 r-xp 00000000 08:0a 3014686                    /lib/x86_64-linux-gnu/libdl-2.19.so
7fe6c7b84000-7fe6c7d83000 ---p 00003000 08:0a 3014686                    /lib/x86_64-linux-gnu/libdl-2.19.so
7fe6c7d83000-7fe6c7d84000 r--p 00002000 08:0a 3014686                    /lib/x86_64-linux-gnu/libdl-2.19.so
7fe6c7d84000-7fe6c7d85000 rw-p 00003000 08:0a 3014686                    /lib/x86_64-linux-gnu/libdl-2.19.so
7fe6c7d85000-7fe6c7d9a000 r-xp 00000000 08:0a 538208                     /usr/lib/jvm/java-8-oracle/lib/amd64/jli/libjli.so
7fe6c7d9a000-7fe6c7f9a000 ---p 00015000 08:0a 538208                     /usr/lib/jvm/java-8-oracle/lib/amd64/jli/libjli.so
7fe6c7f9a000-7fe6c7f9b000 rw-p 00015000 08:0a 538208                     /usr/lib/jvm/java-8-oracle/lib/amd64/jli/libjli.so
7fe6c7f9b000-7fe6c7fb4000 r-xp 00000000 08:0a 3014756                    /lib/x86_64-linux-gnu/libpthread-2.19.so
7fe6c7fb4000-7fe6c81b3000 ---p 00019000 08:0a 3014756                    /lib/x86_64-linux-gnu/libpthread-2.19.so
7fe6c81b3000-7fe6c81b4000 r--p 00018000 08:0a 3014756                    /lib/x86_64-linux-gnu/libpthread-2.19.so
7fe6c81b4000-7fe6c81b5000 rw-p 00019000 08:0a 3014756                    /lib/x86_64-linux-gnu/libpthread-2.19.so
7fe6c81b5000-7fe6c81b9000 rw-p 00000000 00:00 0 
7fe6c81b9000-7fe6c81dc000 r-xp 00000000 08:0a 3014752                    /lib/x86_64-linux-gnu/ld-2.19.so
7fe6c81dd000-7fe6c81e0000 rw-p 00000000 00:00 0 
7fe6c81e0000-7fe6c81e5000 r--s 0003f000 08:0a 1338075                    /usr/lib/jvm/java-8-oracle/jre/lib/ext/sunjce_provider.jar
7fe6c81e5000-7fe6c81e6000 r--s 00009000 08:0a 1338278                    /usr/lib/jvm/java-8-oracle/jre/lib/ext/sunec.jar
7fe6c81e6000-7fe6c81e9000 r--s 0003a000 08:0a 1338076                    /usr/lib/jvm/java-8-oracle/jre/lib/ext/sunpkcs11.jar
7fe6c81e9000-7fe6c81ec000 r--s 0001a000 08:0a 1058725                    /usr/lib/jvm/java-8-oracle/jre/lib/jce.jar
7fe6c81ec000-7fe6c81f2000 r--s 00044000 08:0a 3538960                    /home/nikita/Загрузки/jsoup/jsoup.jar
7fe6c81f2000-7fe6c82bd000 rw-p 00000000 00:00 0 
7fe6c82bd000-7fe6c82c0000 ---p 00000000 00:00 0 
7fe6c82c0000-7fe6c83c2000 rw-p 00000000 00:00 0                          [stack:3892]
7fe6c83c2000-7fe6c83c7000 r--s 00094000 08:0a 1058751                    /usr/lib/jvm/java-8-oracle/jre/lib/jsse.jar
7fe6c83c7000-7fe6c83c9000 r--s 0001d000 08:0a 3538970                    /home/nikita/Загрузки/jsoup/jsoup-1.8.1-sources.jar
7fe6c83c9000-7fe6c83cf000 r--s 00080000 08:0a 3538972                    /home/nikita/Загрузки/jsoup/jsoup-1.8.1-javadoc.jar
7fe6c83cf000-7fe6c83d7000 rw-s 00000000 08:0a 3538958                    /tmp/hsperfdata_nikita/3891
7fe6c83d7000-7fe6c83d8000 rw-p 00000000 00:00 0 
7fe6c83d8000-7fe6c83d9000 r--p 00000000 00:00 0 
7fe6c83d9000-7fe6c83db000 rw-p 00000000 00:00 0 
7fe6c83db000-7fe6c83dc000 r--p 00022000 08:0a 3014752                    /lib/x86_64-linux-gnu/ld-2.19.so
7fe6c83dc000-7fe6c83dd000 rw-p 00023000 08:0a 3014752                    /lib/x86_64-linux-gnu/ld-2.19.so
7fe6c83dd000-7fe6c83de000 rw-p 00000000 00:00 0 
7ffdcebbd000-7ffdcebde000 rw-p 00000000 00:00 0                          [stack]
7ffdcebfc000-7ffdcebfe000 r-xp 00000000 00:00 0                          [vdso]
7ffdcebfe000-7ffdcec00000 r--p 00000000 00:00 0                          [vvar]
ffffffffff600000-ffffffffff601000 r-xp 00000000 00:00 0                  [vsyscall]

VM Arguments:
jvm_args: -agentlib:jdwp=transport=dt_socket,suspend=y,address=localhost:56639 -Dfile.encoding=UTF-8 
java_command: parser.parser
java_class_path (initial): /home/nikita/workspace/parser/bin:/home/nikita/Загрузки/jsoup/jsoup-1.8.1-javadoc.jar:/home/nikita/Загрузки/jsoup/jsoup-1.8.1-sources.jar:/home/nikita/Загрузки/jsoup/jsoup.jar
Launcher Type: SUN_STANDARD

Environment Variables:
PATH=/home/nikita/.rvm/gems/ruby-2.0.0-p598/bin:/home/nikita/.rvm/gems/ruby-2.0.0-p598@global/bin:/home/nikita/.rvm/rubies/ruby-2.0.0-p598/bin:/usr/local/sbin:/usr/local/bin:/usr/sbin:/usr/bin:/sbin:/bin:/usr/games:/usr/local/games:/home/nikita/.rvm/bin
SHELL=/bin/bash
DISPLAY=:0.0

Signal Handlers:
SIGSEGV: [libjvm.so+0xaad1e0], sa_mask[0]=11111111011111111101111111111110, sa_flags=SA_RESTART|SA_SIGINFO
SIGBUS: [libjvm.so+0xaad1e0], sa_mask[0]=11111111011111111101111111111110, sa_flags=SA_RESTART|SA_SIGINFO
SIGFPE: [libjvm.so+0x90b450], sa_mask[0]=11111111011111111101111111111110, sa_flags=SA_RESTART|SA_SIGINFO
SIGPIPE: [libjvm.so+0x90b450], sa_mask[0]=11111111011111111101111111111110, sa_flags=SA_RESTART|SA_SIGINFO
SIGXFSZ: [libjvm.so+0x90b450], sa_mask[0]=11111111011111111101111111111110, sa_flags=SA_RESTART|SA_SIGINFO
SIGILL: [libjvm.so+0x90b450], sa_mask[0]=11111111011111111101111111111110, sa_flags=SA_RESTART|SA_SIGINFO
SIGUSR1: SIG_DFL, sa_mask[0]=00000000000000000000000000000000, sa_flags=none
SIGUSR2: [libjvm.so+0x90ca90], sa_mask[0]=00100000000000000000000000000000, sa_flags=SA_RESTART|SA_SIGINFO
SIGHUP: [libjvm.so+0x90dde0], sa_mask[0]=11111111011111111101111111111110, sa_flags=SA_RESTART|SA_SIGINFO
SIGINT: [libjvm.so+0x90dde0], sa_mask[0]=11111111011111111101111111111110, sa_flags=SA_RESTART|SA_SIGINFO
SIGTERM: [libjvm.so+0x90dde0], sa_mask[0]=11111111011111111101111111111110, sa_flags=SA_RESTART|SA_SIGINFO
SIGQUIT: [libjvm.so+0x90dde0], sa_mask[0]=11111111011111111101111111111110, sa_flags=SA_RESTART|SA_SIGINFO


---------------  S Y S T E M  ---------------

OS:DISTRIB_ID=Ubuntu
DISTRIB_RELEASE=14.04
DISTRIB_CODENAME=trusty
DISTRIB_DESCRIPTION="Ubuntu 14.04.2 LTS"

uname:Linux 3.16.0-34-generic #47~14.04.1-Ubuntu SMP Fri Apr 10 17:49:16 UTC 2015 x86_64
libc:glibc 2.19 NPTL 2.19 
rlimit: STACK 8192k, CORE 0k, NPROC 31140, NOFILE 4096, AS infinity
load average:0,34 0,39 0,32

/proc/meminfo:
MemTotal:        8047236 kB
MemFree:         6117868 kB
MemAvailable:    6614208 kB
Buffers:           70688 kB
Cached:           750984 kB
SwapCached:            0 kB
Active:          1243216 kB
Inactive:         507032 kB
Active(anon):     930428 kB
Inactive(anon):   170164 kB
Active(file):     312788 kB
Inactive(file):   336868 kB
Unevictable:          32 kB
Mlocked:              32 kB
SwapTotal:       8259580 kB
SwapFree:        8259580 kB
Dirty:                40 kB
Writeback:             0 kB
AnonPages:        928444 kB
Mapped:           191620 kB
Shmem:            172020 kB
Slab:              58800 kB
SReclaimable:      31240 kB
SUnreclaim:        27560 kB
KernelStack:        7056 kB
PageTables:        25656 kB
NFS_Unstable:          0 kB
Bounce:                0 kB
WritebackTmp:          0 kB
CommitLimit:    12283196 kB
Committed_AS:    3527068 kB
VmallocTotal:   34359738367 kB
VmallocUsed:      409944 kB
VmallocChunk:   34359315960 kB
HardwareCorrupted:     0 kB
AnonHugePages:    561152 kB
HugePages_Total:       0
HugePages_Free:        0
HugePages_Rsvd:        0
HugePages_Surp:        0
Hugepagesize:       2048 kB
DirectMap4k:       80004 kB
DirectMap2M:     8179712 kB


CPU:total 4 (2 cores per cpu, 2 threads per core) family 6 model 58 stepping 9, cmov, cx8, fxsr, mmx, sse, sse2, sse3, ssse3, sse4.1, sse4.2, popcnt, avx, clmul, erms, ht, tsc, tscinvbit, tscinv

/proc/cpuinfo:
processor	: 0
vendor_id	: GenuineIntel
cpu family	: 6
model		: 58
model name	: Intel(R) Core(TM) i5-3230M CPU @ 2.60GHz
stepping	: 9
microcode	: 0x17
cpu MHz		: 3000.054
cache size	: 3072 KB
physical id	: 0
siblings	: 4
core id		: 0
cpu cores	: 2
apicid		: 0
initial apicid	: 0
fpu		: yes
fpu_exception	: yes
cpuid level	: 13
wp		: yes
flags		: fpu vme de pse tsc msr pae mce cx8 apic sep mtrr pge mca cmov pat pse36 clflush dts acpi mmx fxsr sse sse2 ss ht tm pbe syscall nx rdtscp lm constant_tsc arch_perfmon pebs bts rep_good nopl xtopology nonstop_tsc aperfmperf eagerfpu pni pclmulqdq dtes64 monitor ds_cpl vmx est tm2 ssse3 cx16 xtpr pdcm pcid sse4_1 sse4_2 x2apic popcnt tsc_deadline_timer xsave avx f16c rdrand lahf_lm ida arat epb xsaveopt pln pts dtherm tpr_shadow vnmi flexpriority ept vpid fsgsbase smep erms
bogomips	: 5187.95
clflush size	: 64
cache_alignment	: 64
address sizes	: 36 bits physical, 48 bits virtual
power management:

processor	: 1
vendor_id	: GenuineIntel
cpu family	: 6
model		: 58
model name	: Intel(R) Core(TM) i5-3230M CPU @ 2.60GHz
stepping	: 9
microcode	: 0x17
cpu MHz		: 3000.054
cache size	: 3072 KB
physical id	: 0
siblings	: 4
core id		: 0
cpu cores	: 2
apicid		: 1
initial apicid	: 1
fpu		: yes
fpu_exception	: yes
cpuid level	: 13
wp		: yes
flags		: fpu vme de pse tsc msr pae mce cx8 apic sep mtrr pge mca cmov pat pse36 clflush dts acpi mmx fxsr sse sse2 ss ht tm pbe syscall nx rdtscp lm constant_tsc arch_perfmon pebs bts rep_good nopl xtopology nonstop_tsc aperfmperf eagerfpu pni pclmulqdq dtes64 monitor ds_cpl vmx est tm2 ssse3 cx16 xtpr pdcm pcid sse4_1 sse4_2 x2apic popcnt tsc_deadline_timer xsave avx f16c rdrand lahf_lm ida arat epb xsaveopt pln pts dtherm tpr_shadow vnmi flexpriority ept vpid fsgsbase smep erms
bogomips	: 5187.95
clflush size	: 64
cache_alignment	: 64
address sizes	: 36 bits physical, 48 bits virtual
power management:

processor	: 2
vendor_id	: GenuineIntel
cpu family	: 6
model		: 58
model name	: Intel(R) Core(TM) i5-3230M CPU @ 2.60GHz
stepping	: 9
microcode	: 0x17
cpu MHz		: 2999.953
cache size	: 3072 KB
physical id	: 0
siblings	: 4
core id		: 1
cpu cores	: 2
apicid		: 2
initial apicid	: 2
fpu		: yes
fpu_exception	: yes
cpuid level	: 13
wp		: yes
flags		: fpu vme de pse tsc msr pae mce cx8 apic sep mtrr pge mca cmov pat pse36 clflush dts acpi mmx fxsr sse sse2 ss ht tm pbe syscall nx rdtscp lm constant_tsc arch_perfmon pebs bts rep_good nopl xtopology nonstop_tsc aperfmperf eagerfpu pni pclmulqdq dtes64 monitor ds_cpl vmx est tm2 ssse3 cx16 xtpr pdcm pcid sse4_1 sse4_2 x2apic popcnt tsc_deadline_timer xsave avx f16c rdrand lahf_lm ida arat epb xsaveopt pln pts dtherm tpr_shadow vnmi flexpriority ept vpid fsgsbase smep erms
bogomips	: 5187.95
clflush size	: 64
cache_alignment	: 64
address sizes	: 36 bits physical, 48 bits virtual
power management:

processor	: 3
vendor_id	: GenuineIntel
cpu family	: 6
model		: 58
model name	: Intel(R) Core(TM) i5-3230M CPU @ 2.60GHz
stepping	: 9
microcode	: 0x17
cpu MHz		: 2999.953
cache size	: 3072 KB
physical id	: 0
siblings	: 4
core id		: 1
cpu cores	: 2
apicid		: 3
initial apicid	: 3
fpu		: yes
fpu_exception	: yes
cpuid level	: 13
wp		: yes
flags		: fpu vme de pse tsc msr pae mce cx8 apic sep mtrr pge mca cmov pat pse36 clflush dts acpi mmx fxsr sse sse2 ss ht tm pbe syscall nx rdtscp lm constant_tsc arch_perfmon pebs bts rep_good nopl xtopology nonstop_tsc aperfmperf eagerfpu pni pclmulqdq dtes64 monitor ds_cpl vmx est tm2 ssse3 cx16 xtpr pdcm pcid sse4_1 sse4_2 x2apic popcnt tsc_deadline_timer xsave avx f16c rdrand lahf_lm ida arat epb xsaveopt pln pts dtherm tpr_shadow vnmi flexpriority ept vpid fsgsbase smep erms
bogomips	: 5187.95
clflush size	: 64
cache_alignment	: 64
address sizes	: 36 bits physical, 48 bits virtual
power management:



Memory: 4k page, physical 8047236k(6117868k free), swap 8259580k(8259580k free)

vm_info: Java HotSpot(TM) 64-Bit Server VM (25.45-b02) for linux-amd64 JRE (1.8.0_45-b14), built on Apr 10 2015 10:07:45 by "java_re" with gcc 4.3.0 20080428 (Red Hat 4.3.0-8)

time: Sun Apr 26 10:33:57 2015
elapsed time: 25 seconds (0d 0h 0m 25s)

